  [1m[36m (2.6ms)[0m  [1mCREATE TABLE "schema_migrations" ("version" character varying(255) NOT NULL) [0m
  [1m[35m (3.0ms)[0m  CREATE UNIQUE INDEX "unique_schema_migrations" ON "schema_migrations" ("version")
  [1m[36mActiveRecord::SchemaMigration Load (0.8ms)[0m  [1mSELECT "schema_migrations".* FROM "schema_migrations"[0m
Migrating to CreateBeacons (20140516143927)
  [1m[35m (0.6ms)[0m  BEGIN
  [1m[36m (4.2ms)[0m  [1mCREATE TABLE "beacons" ("id" serial primary key, "uuid" character varying(255), "major" integer, "minor" integer, "created_at" timestamp, "updated_at" timestamp) [0m
  [1m[35mSQL (1.6ms)[0m  INSERT INTO "schema_migrations" ("version") VALUES ($1)  [["version", "20140516143927"]]
  [1m[36m (1.4ms)[0m  [1mCOMMIT[0m
  [1m[35mActiveRecord::SchemaMigration Load (1.0ms)[0m  SELECT "schema_migrations".* FROM "schema_migrations" ORDER BY version


Started GET "/" for 10.0.2.2 at 2014-05-16 11:41:29 -0300
  [1m[36mActiveRecord::SchemaMigration Load (1.0ms)[0m  [1mSELECT "schema_migrations".* FROM "schema_migrations"[0m
Processing by Rails::WelcomeController#index as HTML
  Rendered /home/vagrant/.rvm/gems/ruby-2.1.1@gdg-museum/gems/railties-4.0.4/lib/rails/templates/rails/welcome/index.html.erb (6.0ms)
Completed 200 OK in 80ms (Views: 33.7ms | ActiveRecord: 0.0ms)


Started GET "/" for 10.0.2.2 at 2014-05-16 11:53:09 -0300
  [1m[36mActiveRecord::SchemaMigration Load (1.1ms)[0m  [1mSELECT "schema_migrations".* FROM "schema_migrations"[0m
Processing by BeaconsController#index as HTML
  [1m[35mBeacon Load (0.9ms)[0m  SELECT "beacons".* FROM "beacons"
  Rendered beacons/index.html.erb within layouts/application (9.0ms)
Completed 200 OK in 1255ms (Views: 1208.2ms | ActiveRecord: 0.9ms)


Started GET "/assets/application.css?body=1" for 10.0.2.2 at 2014-05-16 11:53:11 -0300


Started GET "/assets/beacons.css?body=1" for 10.0.2.2 at 2014-05-16 11:53:12 -0300


Started GET "/assets/scaffolds.css?body=1" for 10.0.2.2 at 2014-05-16 11:53:12 -0300


Started GET "/assets/turbolinks.js?body=1" for 10.0.2.2 at 2014-05-16 11:53:12 -0300


Started GET "/assets/beacons.js?body=1" for 10.0.2.2 at 2014-05-16 11:53:12 -0300


Started GET "/assets/application.js?body=1" for 10.0.2.2 at 2014-05-16 11:53:12 -0300


Started GET "/assets/jquery.js?body=1" for 10.0.2.2 at 2014-05-16 11:53:12 -0300


Started GET "/assets/jquery_ujs.js?body=1" for 10.0.2.2 at 2014-05-16 11:53:12 -0300


Started GET "/" for 10.0.2.2 at 2014-05-16 11:54:28 -0300
  [1m[36mActiveRecord::SchemaMigration Load (1.1ms)[0m  [1mSELECT "schema_migrations".* FROM "schema_migrations"[0m
Processing by BeaconsController#index as HTML
  [1m[35mBeacon Load (0.7ms)[0m  SELECT "beacons".* FROM "beacons"
  Rendered beacons/index.html.erb within layouts/application (8.4ms)
Completed 200 OK in 332ms (Views: 287.5ms | ActiveRecord: 0.7ms)


Started GET "/assets/jquery_ujs.js?body=1" for 10.0.2.2 at 2014-05-16 11:54:29 -0300


Started GET "/assets/application.css?body=1" for 10.0.2.2 at 2014-05-16 11:54:29 -0300


Started GET "/assets/beacons.css?body=1" for 10.0.2.2 at 2014-05-16 11:54:30 -0300


Started GET "/assets/scaffolds.css?body=1" for 10.0.2.2 at 2014-05-16 11:54:30 -0300


Started GET "/assets/jquery.js?body=1" for 10.0.2.2 at 2014-05-16 11:54:30 -0300


Started GET "/assets/turbolinks.js?body=1" for 10.0.2.2 at 2014-05-16 11:54:30 -0300


Started GET "/assets/beacons.js?body=1" for 10.0.2.2 at 2014-05-16 11:54:30 -0300


Started GET "/assets/application.js?body=1" for 10.0.2.2 at 2014-05-16 11:54:30 -0300


Started GET "/" for 10.0.2.2 at 2014-05-16 12:00:09 -0300
  [1m[36mActiveRecord::SchemaMigration Load (1.0ms)[0m  [1mSELECT "schema_migrations".* FROM "schema_migrations"[0m
Processing by BeaconsController#index as HTML
  [1m[35mBeacon Load (1.0ms)[0m  SELECT "beacons".* FROM "beacons"
  Rendered beacons/index.html.erb within layouts/application (9.3ms)
Completed 200 OK in 348ms (Views: 298.9ms | ActiveRecord: 1.0ms)


Started GET "/assets/application.css?body=1" for 10.0.2.2 at 2014-05-16 12:00:10 -0300


Started GET "/assets/beacons.css?body=1" for 10.0.2.2 at 2014-05-16 12:00:10 -0300


Started GET "/assets/scaffolds.css?body=1" for 10.0.2.2 at 2014-05-16 12:00:10 -0300


Started GET "/assets/jquery.js?body=1" for 10.0.2.2 at 2014-05-16 12:00:10 -0300


Started GET "/assets/jquery_ujs.js?body=1" for 10.0.2.2 at 2014-05-16 12:00:10 -0300


Started GET "/assets/turbolinks.js?body=1" for 10.0.2.2 at 2014-05-16 12:00:10 -0300


Started GET "/assets/beacons.js?body=1" for 10.0.2.2 at 2014-05-16 12:00:10 -0300


Started GET "/assets/application.js?body=1" for 10.0.2.2 at 2014-05-16 12:00:10 -0300


Started GET "/beacons/new" for 10.0.2.2 at 2014-05-16 12:00:13 -0300
Processing by BeaconsController#new as HTML
  Rendered beacons/_form.html.erb (49.3ms)
  Rendered beacons/new.html.erb within layouts/application (90.4ms)
Completed 200 OK in 201ms (Views: 196.0ms | ActiveRecord: 2.8ms)


Started GET "/beacons/new" for 10.0.2.2 at 2014-05-16 12:02:43 -0300
Processing by BeaconsController#new as HTML
  Rendered beacons/_form.html.erb (8.9ms)
  Rendered beacons/new.html.erb within layouts/application (32.5ms)
Completed 200 OK in 145ms (Views: 122.5ms | ActiveRecord: 3.8ms)


Started GET "/assets/application.css?body=1" for 10.0.2.2 at 2014-05-16 12:02:44 -0300


Started GET "/assets/beacons.css?body=1" for 10.0.2.2 at 2014-05-16 12:02:44 -0300


Started GET "/assets/jquery.js?body=1" for 10.0.2.2 at 2014-05-16 12:02:44 -0300


Started GET "/assets/scaffolds.css?body=1" for 10.0.2.2 at 2014-05-16 12:02:44 -0300


Started GET "/assets/turbolinks.js?body=1" for 10.0.2.2 at 2014-05-16 12:02:44 -0300


Started GET "/assets/jquery_ujs.js?body=1" for 10.0.2.2 at 2014-05-16 12:02:44 -0300


Started GET "/assets/beacons.js?body=1" for 10.0.2.2 at 2014-05-16 12:02:44 -0300


Started GET "/assets/application.js?body=1" for 10.0.2.2 at 2014-05-16 12:02:44 -0300


Started POST "/beacons" for 10.0.2.2 at 2014-05-16 12:02:53 -0300
Processing by BeaconsController#create as HTML
  Parameters: {"utf8"=>"✓", "authenticity_token"=>"TccPsgDG6TfeB8bPty53KD/6o0tsrUKSIFoO3qLB40M=", "beacon"=>{"uuid"=>"B9407F30-F5F8-466E-AFF9-25556B57FE6D", "major"=>"1", "minor"=>"1"}, "commit"=>"Criar Beacon"}
  [1m[36m (0.6ms)[0m  [1mBEGIN[0m
  [1m[35mSQL (16.1ms)[0m  INSERT INTO "beacons" ("created_at", "major", "minor", "updated_at", "uuid") VALUES ($1, $2, $3, $4, $5) RETURNING "id"  [["created_at", Fri, 16 May 2014 12:02:53 BRT -03:00], ["major", 1], ["minor", 1], ["updated_at", Fri, 16 May 2014 12:02:53 BRT -03:00], ["uuid", "B9407F30-F5F8-466E-AFF9-25556B57FE6D"]]
  [1m[36m (1.0ms)[0m  [1mCOMMIT[0m
Redirected to http://127.0.0.1:3000/beacons/1
Completed 302 Found in 25ms (ActiveRecord: 18.7ms)


Started GET "/beacons/1" for 10.0.2.2 at 2014-05-16 12:02:53 -0300
Processing by BeaconsController#show as HTML
  Parameters: {"id"=>"1"}
  [1m[35mBeacon Load (2.1ms)[0m  SELECT "beacons".* FROM "beacons" WHERE "beacons"."id" = $1 LIMIT 1  [["id", "1"]]
  Rendered beacons/show.html.erb within layouts/application (1.1ms)
Completed 200 OK in 107ms (Views: 100.0ms | ActiveRecord: 2.1ms)


Started GET "/assets/application.css?body=1" for 10.0.2.2 at 2014-05-16 12:02:53 -0300


Started GET "/assets/beacons.css?body=1" for 10.0.2.2 at 2014-05-16 12:02:54 -0300


Started GET "/assets/scaffolds.css?body=1" for 10.0.2.2 at 2014-05-16 12:02:54 -0300


Started GET "/assets/jquery.js?body=1" for 10.0.2.2 at 2014-05-16 12:02:54 -0300


Started GET "/assets/jquery_ujs.js?body=1" for 10.0.2.2 at 2014-05-16 12:02:54 -0300


Started GET "/assets/turbolinks.js?body=1" for 10.0.2.2 at 2014-05-16 12:02:54 -0300


Started GET "/assets/beacons.js?body=1" for 10.0.2.2 at 2014-05-16 12:02:54 -0300


Started GET "/assets/application.js?body=1" for 10.0.2.2 at 2014-05-16 12:02:54 -0300


Started GET "/beacons" for 10.0.2.2 at 2014-05-16 12:02:57 -0300
Processing by BeaconsController#index as HTML
  [1m[36mBeacon Load (0.8ms)[0m  [1mSELECT "beacons".* FROM "beacons"[0m
  Rendered beacons/index.html.erb within layouts/application (5.4ms)
Completed 200 OK in 102ms (Views: 100.7ms | ActiveRecord: 0.8ms)


Started GET "/api/beacons" for 10.0.2.2 at 2014-05-16 12:05:51 -0300

LoadError (Unable to autoload constant Api::V1::BeaconsController, expected /vagrant/gdg-museum-api/app/controllers/api/v1/beacons_controller.rb to define it):
  activesupport (4.0.4) lib/active_support/dependencies.rb:464:in `load_missing_constant'
  activesupport (4.0.4) lib/active_support/dependencies.rb:184:in `const_missing'
  activesupport (4.0.4) lib/active_support/inflector/methods.rb:241:in `const_get'
  activesupport (4.0.4) lib/active_support/inflector/methods.rb:241:in `block in constantize'
  activesupport (4.0.4) lib/active_support/inflector/methods.rb:224:in `each'
  activesupport (4.0.4) lib/active_support/inflector/methods.rb:224:in `inject'
  activesupport (4.0.4) lib/active_support/inflector/methods.rb:224:in `constantize'
  activesupport (4.0.4) lib/active_support/dependencies.rb:535:in `get'
  activesupport (4.0.4) lib/active_support/dependencies.rb:566:in `constantize'
  actionpack (4.0.4) lib/action_dispatch/routing/route_set.rb:76:in `controller_reference'
  actionpack (4.0.4) lib/action_dispatch/routing/route_set.rb:66:in `controller'
  actionpack (4.0.4) lib/action_dispatch/routing/route_set.rb:44:in `call'
  actionpack (4.0.4) lib/action_dispatch/routing/mapper.rb:44:in `call'
  actionpack (4.0.4) lib/action_dispatch/journey/router.rb:71:in `block in call'
  actionpack (4.0.4) lib/action_dispatch/journey/router.rb:59:in `each'
  actionpack (4.0.4) lib/action_dispatch/journey/router.rb:59:in `call'
  actionpack (4.0.4) lib/action_dispatch/routing/route_set.rb:674:in `call'
  rack (1.5.2) lib/rack/etag.rb:23:in `call'
  rack (1.5.2) lib/rack/conditionalget.rb:25:in `call'
  rack (1.5.2) lib/rack/head.rb:11:in `call'
  actionpack (4.0.4) lib/action_dispatch/middleware/params_parser.rb:27:in `call'
  actionpack (4.0.4) lib/action_dispatch/middleware/flash.rb:241:in `call'
  rack (1.5.2) lib/rack/session/abstract/id.rb:225:in `context'
  rack (1.5.2) lib/rack/session/abstract/id.rb:220:in `call'
  actionpack (4.0.4) lib/action_dispatch/middleware/cookies.rb:486:in `call'
  activerecord (4.0.4) lib/active_record/query_cache.rb:36:in `call'
  activerecord (4.0.4) lib/active_record/connection_adapters/abstract/connection_pool.rb:626:in `call'
  activerecord (4.0.4) lib/active_record/migration.rb:373:in `call'
  actionpack (4.0.4) lib/action_dispatch/middleware/callbacks.rb:29:in `block in call'
  activesupport (4.0.4) lib/active_support/callbacks.rb:373:in `_run__4227490921539083753__call__callbacks'
  activesupport (4.0.4) lib/active_support/callbacks.rb:80:in `run_callbacks'
  actionpack (4.0.4) lib/action_dispatch/middleware/callbacks.rb:27:in `call'
  actionpack (4.0.4) lib/action_dispatch/middleware/reloader.rb:64:in `call'
  actionpack (4.0.4) lib/action_dispatch/middleware/remote_ip.rb:76:in `call'
  actionpack (4.0.4) lib/action_dispatch/middleware/debug_exceptions.rb:17:in `call'
  actionpack (4.0.4) lib/action_dispatch/middleware/show_exceptions.rb:30:in `call'
  railties (4.0.4) lib/rails/rack/logger.rb:38:in `call_app'
  railties (4.0.4) lib/rails/rack/logger.rb:20:in `block in call'
  activesupport (4.0.4) lib/active_support/tagged_logging.rb:68:in `block in tagged'
  activesupport (4.0.4) lib/active_support/tagged_logging.rb:26:in `tagged'
  activesupport (4.0.4) lib/active_support/tagged_logging.rb:68:in `tagged'
  railties (4.0.4) lib/rails/rack/logger.rb:20:in `call'
  actionpack (4.0.4) lib/action_dispatch/middleware/request_id.rb:21:in `call'
  rack (1.5.2) lib/rack/methodoverride.rb:21:in `call'
  rack (1.5.2) lib/rack/runtime.rb:17:in `call'
  activesupport (4.0.4) lib/active_support/cache/strategy/local_cache.rb:83:in `call'
  rack (1.5.2) lib/rack/lock.rb:17:in `call'
  actionpack (4.0.4) lib/action_dispatch/middleware/static.rb:64:in `call'
  rack (1.5.2) lib/rack/sendfile.rb:112:in `call'
  railties (4.0.4) lib/rails/engine.rb:511:in `call'
  railties (4.0.4) lib/rails/application.rb:97:in `call'
  rack (1.5.2) lib/rack/content_length.rb:14:in `call'
  thin (1.6.2) lib/thin/connection.rb:86:in `block in pre_process'
  thin (1.6.2) lib/thin/connection.rb:84:in `catch'
  thin (1.6.2) lib/thin/connection.rb:84:in `pre_process'
  thin (1.6.2) lib/thin/connection.rb:53:in `process'
  thin (1.6.2) lib/thin/connection.rb:39:in `receive_data'
  eventmachine (1.0.3) lib/eventmachine.rb:187:in `run_machine'
  eventmachine (1.0.3) lib/eventmachine.rb:187:in `run'
  thin (1.6.2) lib/thin/backends/base.rb:73:in `start'
  thin (1.6.2) lib/thin/server.rb:162:in `start'
  rack (1.5.2) lib/rack/handler/thin.rb:16:in `run'
  rack (1.5.2) lib/rack/server.rb:264:in `start'
  railties (4.0.4) lib/rails/commands/server.rb:84:in `start'
  railties (4.0.4) lib/rails/commands.rb:76:in `block in <top (required)>'
  railties (4.0.4) lib/rails/commands.rb:71:in `tap'
  railties (4.0.4) lib/rails/commands.rb:71:in `<top (required)>'
  bin/rails:4:in `require'
  bin/rails:4:in `<main>'


  Rendered /home/vagrant/.rvm/gems/ruby-2.1.1@gdg-museum/gems/actionpack-4.0.4/lib/action_dispatch/middleware/templates/rescues/_source.erb (0.6ms)
  Rendered /home/vagrant/.rvm/gems/ruby-2.1.1@gdg-museum/gems/actionpack-4.0.4/lib/action_dispatch/middleware/templates/rescues/_trace.erb (0.2ms)
  Rendered /home/vagrant/.rvm/gems/ruby-2.1.1@gdg-museum/gems/actionpack-4.0.4/lib/action_dispatch/middleware/templates/rescues/_request_and_response.erb (1.5ms)
  Rendered /home/vagrant/.rvm/gems/ruby-2.1.1@gdg-museum/gems/actionpack-4.0.4/lib/action_dispatch/middleware/templates/rescues/diagnostics.erb within rescues/layout (16.7ms)


Started GET "/api/beacons" for 10.0.2.2 at 2014-05-16 12:07:10 -0300

ActionController::RoutingError (undefined local variable or method `json' for API::V1::BeaconsController:Class):
  app/controllers/api/v1/beacons_controller.rb:3:in `<class:BeaconsController>'
  app/controllers/api/v1/beacons_controller.rb:1:in `<top (required)>'


  Rendered /home/vagrant/.rvm/gems/ruby-2.1.1@gdg-museum/gems/actionpack-4.0.4/lib/action_dispatch/middleware/templates/rescues/_trace.erb (1.6ms)
  Rendered /home/vagrant/.rvm/gems/ruby-2.1.1@gdg-museum/gems/actionpack-4.0.4/lib/action_dispatch/middleware/templates/routes/_route.html.erb (1.4ms)
  Rendered /home/vagrant/.rvm/gems/ruby-2.1.1@gdg-museum/gems/actionpack-4.0.4/lib/action_dispatch/middleware/templates/routes/_table.html.erb (6.5ms)
  Rendered /home/vagrant/.rvm/gems/ruby-2.1.1@gdg-museum/gems/actionpack-4.0.4/lib/action_dispatch/middleware/templates/rescues/routing_error.erb within rescues/layout (32.9ms)


Started GET "/api/beacons" for 10.0.2.2 at 2014-05-16 12:07:32 -0300

LoadError (Unable to autoload constant Api::V1::BeaconsController, expected /vagrant/gdg-museum-api/app/controllers/api/v1/beacons_controller.rb to define it):
  activesupport (4.0.4) lib/active_support/dependencies.rb:464:in `load_missing_constant'
  activesupport (4.0.4) lib/active_support/dependencies.rb:184:in `const_missing'
  activesupport (4.0.4) lib/active_support/inflector/methods.rb:228:in `const_get'
  activesupport (4.0.4) lib/active_support/inflector/methods.rb:228:in `block in constantize'
  activesupport (4.0.4) lib/active_support/inflector/methods.rb:224:in `each'
  activesupport (4.0.4) lib/active_support/inflector/methods.rb:224:in `inject'
  activesupport (4.0.4) lib/active_support/inflector/methods.rb:224:in `constantize'
  activesupport (4.0.4) lib/active_support/dependencies.rb:535:in `get'
  activesupport (4.0.4) lib/active_support/dependencies.rb:566:in `constantize'
  actionpack (4.0.4) lib/action_dispatch/routing/route_set.rb:76:in `controller_reference'
  actionpack (4.0.4) lib/action_dispatch/routing/route_set.rb:66:in `controller'
  actionpack (4.0.4) lib/action_dispatch/routing/route_set.rb:44:in `call'
  actionpack (4.0.4) lib/action_dispatch/routing/mapper.rb:44:in `call'
  actionpack (4.0.4) lib/action_dispatch/journey/router.rb:71:in `block in call'
  actionpack (4.0.4) lib/action_dispatch/journey/router.rb:59:in `each'
  actionpack (4.0.4) lib/action_dispatch/journey/router.rb:59:in `call'
  actionpack (4.0.4) lib/action_dispatch/routing/route_set.rb:674:in `call'
  rack (1.5.2) lib/rack/etag.rb:23:in `call'
  rack (1.5.2) lib/rack/conditionalget.rb:25:in `call'
  rack (1.5.2) lib/rack/head.rb:11:in `call'
  actionpack (4.0.4) lib/action_dispatch/middleware/params_parser.rb:27:in `call'
  actionpack (4.0.4) lib/action_dispatch/middleware/flash.rb:241:in `call'
  rack (1.5.2) lib/rack/session/abstract/id.rb:225:in `context'
  rack (1.5.2) lib/rack/session/abstract/id.rb:220:in `call'
  actionpack (4.0.4) lib/action_dispatch/middleware/cookies.rb:486:in `call'
  activerecord (4.0.4) lib/active_record/query_cache.rb:36:in `call'
  activerecord (4.0.4) lib/active_record/connection_adapters/abstract/connection_pool.rb:626:in `call'
  activerecord (4.0.4) lib/active_record/migration.rb:373:in `call'
  actionpack (4.0.4) lib/action_dispatch/middleware/callbacks.rb:29:in `block in call'
  activesupport (4.0.4) lib/active_support/callbacks.rb:373:in `_run__4227490921539083753__call__callbacks'
  activesupport (4.0.4) lib/active_support/callbacks.rb:80:in `run_callbacks'
  actionpack (4.0.4) lib/action_dispatch/middleware/callbacks.rb:27:in `call'
  actionpack (4.0.4) lib/action_dispatch/middleware/reloader.rb:64:in `call'
  actionpack (4.0.4) lib/action_dispatch/middleware/remote_ip.rb:76:in `call'
  actionpack (4.0.4) lib/action_dispatch/middleware/debug_exceptions.rb:17:in `call'
  actionpack (4.0.4) lib/action_dispatch/middleware/show_exceptions.rb:30:in `call'
  railties (4.0.4) lib/rails/rack/logger.rb:38:in `call_app'
  railties (4.0.4) lib/rails/rack/logger.rb:20:in `block in call'
  activesupport (4.0.4) lib/active_support/tagged_logging.rb:68:in `block in tagged'
  activesupport (4.0.4) lib/active_support/tagged_logging.rb:26:in `tagged'
  activesupport (4.0.4) lib/active_support/tagged_logging.rb:68:in `tagged'
  railties (4.0.4) lib/rails/rack/logger.rb:20:in `call'
  actionpack (4.0.4) lib/action_dispatch/middleware/request_id.rb:21:in `call'
  rack (1.5.2) lib/rack/methodoverride.rb:21:in `call'
  rack (1.5.2) lib/rack/runtime.rb:17:in `call'
  activesupport (4.0.4) lib/active_support/cache/strategy/local_cache.rb:83:in `call'
  rack (1.5.2) lib/rack/lock.rb:17:in `call'
  actionpack (4.0.4) lib/action_dispatch/middleware/static.rb:64:in `call'
  rack (1.5.2) lib/rack/sendfile.rb:112:in `call'
  railties (4.0.4) lib/rails/engine.rb:511:in `call'
  railties (4.0.4) lib/rails/application.rb:97:in `call'
  rack (1.5.2) lib/rack/content_length.rb:14:in `call'
  thin (1.6.2) lib/thin/connection.rb:86:in `block in pre_process'
  thin (1.6.2) lib/thin/connection.rb:84:in `catch'
  thin (1.6.2) lib/thin/connection.rb:84:in `pre_process'
  thin (1.6.2) lib/thin/connection.rb:53:in `process'
  thin (1.6.2) lib/thin/connection.rb:39:in `receive_data'
  eventmachine (1.0.3) lib/eventmachine.rb:187:in `run_machine'
  eventmachine (1.0.3) lib/eventmachine.rb:187:in `run'
  thin (1.6.2) lib/thin/backends/base.rb:73:in `start'
  thin (1.6.2) lib/thin/server.rb:162:in `start'
  rack (1.5.2) lib/rack/handler/thin.rb:16:in `run'
  rack (1.5.2) lib/rack/server.rb:264:in `start'
  railties (4.0.4) lib/rails/commands/server.rb:84:in `start'
  railties (4.0.4) lib/rails/commands.rb:76:in `block in <top (required)>'
  railties (4.0.4) lib/rails/commands.rb:71:in `tap'
  railties (4.0.4) lib/rails/commands.rb:71:in `<top (required)>'
  bin/rails:4:in `require'
  bin/rails:4:in `<main>'


  Rendered /home/vagrant/.rvm/gems/ruby-2.1.1@gdg-museum/gems/actionpack-4.0.4/lib/action_dispatch/middleware/templates/rescues/_source.erb (0.8ms)
  Rendered /home/vagrant/.rvm/gems/ruby-2.1.1@gdg-museum/gems/actionpack-4.0.4/lib/action_dispatch/middleware/templates/rescues/_trace.erb (1.4ms)
  Rendered /home/vagrant/.rvm/gems/ruby-2.1.1@gdg-museum/gems/actionpack-4.0.4/lib/action_dispatch/middleware/templates/rescues/_request_and_response.erb (2.6ms)
  Rendered /home/vagrant/.rvm/gems/ruby-2.1.1@gdg-museum/gems/actionpack-4.0.4/lib/action_dispatch/middleware/templates/rescues/diagnostics.erb within rescues/layout (19.1ms)


Started GET "/api/beacons" for 10.0.2.2 at 2014-05-16 12:08:14 -0300
  [1m[36mActiveRecord::SchemaMigration Load (0.9ms)[0m  [1mSELECT "schema_migrations".* FROM "schema_migrations"[0m

LoadError (Unable to autoload constant Api::V1::BeaconsController, expected /vagrant/gdg-museum-api/app/controllers/api/v1/beacons_controller.rb to define it):
  activesupport (4.0.4) lib/active_support/dependencies.rb:464:in `load_missing_constant'
  activesupport (4.0.4) lib/active_support/dependencies.rb:184:in `const_missing'
  activesupport (4.0.4) lib/active_support/inflector/methods.rb:228:in `const_get'
  activesupport (4.0.4) lib/active_support/inflector/methods.rb:228:in `block in constantize'
  activesupport (4.0.4) lib/active_support/inflector/methods.rb:224:in `each'
  activesupport (4.0.4) lib/active_support/inflector/methods.rb:224:in `inject'
  activesupport (4.0.4) lib/active_support/inflector/methods.rb:224:in `constantize'
  activesupport (4.0.4) lib/active_support/dependencies.rb:535:in `get'
  activesupport (4.0.4) lib/active_support/dependencies.rb:566:in `constantize'
  actionpack (4.0.4) lib/action_dispatch/routing/route_set.rb:76:in `controller_reference'
  actionpack (4.0.4) lib/action_dispatch/routing/route_set.rb:66:in `controller'
  actionpack (4.0.4) lib/action_dispatch/routing/route_set.rb:44:in `call'
  actionpack (4.0.4) lib/action_dispatch/routing/mapper.rb:44:in `call'
  actionpack (4.0.4) lib/action_dispatch/journey/router.rb:71:in `block in call'
  actionpack (4.0.4) lib/action_dispatch/journey/router.rb:59:in `each'
  actionpack (4.0.4) lib/action_dispatch/journey/router.rb:59:in `call'
  actionpack (4.0.4) lib/action_dispatch/routing/route_set.rb:674:in `call'
  rack (1.5.2) lib/rack/etag.rb:23:in `call'
  rack (1.5.2) lib/rack/conditionalget.rb:25:in `call'
  rack (1.5.2) lib/rack/head.rb:11:in `call'
  actionpack (4.0.4) lib/action_dispatch/middleware/params_parser.rb:27:in `call'
  actionpack (4.0.4) lib/action_dispatch/middleware/flash.rb:241:in `call'
  rack (1.5.2) lib/rack/session/abstract/id.rb:225:in `context'
  rack (1.5.2) lib/rack/session/abstract/id.rb:220:in `call'
  actionpack (4.0.4) lib/action_dispatch/middleware/cookies.rb:486:in `call'
  activerecord (4.0.4) lib/active_record/query_cache.rb:36:in `call'
  activerecord (4.0.4) lib/active_record/connection_adapters/abstract/connection_pool.rb:626:in `call'
  activerecord (4.0.4) lib/active_record/migration.rb:373:in `call'
  actionpack (4.0.4) lib/action_dispatch/middleware/callbacks.rb:29:in `block in call'
  activesupport (4.0.4) lib/active_support/callbacks.rb:373:in `_run__3131103184613070290__call__callbacks'
  activesupport (4.0.4) lib/active_support/callbacks.rb:80:in `run_callbacks'
  actionpack (4.0.4) lib/action_dispatch/middleware/callbacks.rb:27:in `call'
  actionpack (4.0.4) lib/action_dispatch/middleware/reloader.rb:64:in `call'
  actionpack (4.0.4) lib/action_dispatch/middleware/remote_ip.rb:76:in `call'
  actionpack (4.0.4) lib/action_dispatch/middleware/debug_exceptions.rb:17:in `call'
  actionpack (4.0.4) lib/action_dispatch/middleware/show_exceptions.rb:30:in `call'
  railties (4.0.4) lib/rails/rack/logger.rb:38:in `call_app'
  railties (4.0.4) lib/rails/rack/logger.rb:20:in `block in call'
  activesupport (4.0.4) lib/active_support/tagged_logging.rb:68:in `block in tagged'
  activesupport (4.0.4) lib/active_support/tagged_logging.rb:26:in `tagged'
  activesupport (4.0.4) lib/active_support/tagged_logging.rb:68:in `tagged'
  railties (4.0.4) lib/rails/rack/logger.rb:20:in `call'
  actionpack (4.0.4) lib/action_dispatch/middleware/request_id.rb:21:in `call'
  rack (1.5.2) lib/rack/methodoverride.rb:21:in `call'
  rack (1.5.2) lib/rack/runtime.rb:17:in `call'
  activesupport (4.0.4) lib/active_support/cache/strategy/local_cache.rb:83:in `call'
  rack (1.5.2) lib/rack/lock.rb:17:in `call'
  actionpack (4.0.4) lib/action_dispatch/middleware/static.rb:64:in `call'
  rack (1.5.2) lib/rack/sendfile.rb:112:in `call'
  railties (4.0.4) lib/rails/engine.rb:511:in `call'
  railties (4.0.4) lib/rails/application.rb:97:in `call'
  rack (1.5.2) lib/rack/content_length.rb:14:in `call'
  thin (1.6.2) lib/thin/connection.rb:86:in `block in pre_process'
  thin (1.6.2) lib/thin/connection.rb:84:in `catch'
  thin (1.6.2) lib/thin/connection.rb:84:in `pre_process'
  thin (1.6.2) lib/thin/connection.rb:53:in `process'
  thin (1.6.2) lib/thin/connection.rb:39:in `receive_data'
  eventmachine (1.0.3) lib/eventmachine.rb:187:in `run_machine'
  eventmachine (1.0.3) lib/eventmachine.rb:187:in `run'
  thin (1.6.2) lib/thin/backends/base.rb:73:in `start'
  thin (1.6.2) lib/thin/server.rb:162:in `start'
  rack (1.5.2) lib/rack/handler/thin.rb:16:in `run'
  rack (1.5.2) lib/rack/server.rb:264:in `start'
  railties (4.0.4) lib/rails/commands/server.rb:84:in `start'
  railties (4.0.4) lib/rails/commands.rb:76:in `block in <top (required)>'
  railties (4.0.4) lib/rails/commands.rb:71:in `tap'
  railties (4.0.4) lib/rails/commands.rb:71:in `<top (required)>'
  bin/rails:4:in `require'
  bin/rails:4:in `<main>'


  Rendered /home/vagrant/.rvm/gems/ruby-2.1.1@gdg-museum/gems/actionpack-4.0.4/lib/action_dispatch/middleware/templates/rescues/_source.erb (0.8ms)
  Rendered /home/vagrant/.rvm/gems/ruby-2.1.1@gdg-museum/gems/actionpack-4.0.4/lib/action_dispatch/middleware/templates/rescues/_trace.erb (2.2ms)
  Rendered /home/vagrant/.rvm/gems/ruby-2.1.1@gdg-museum/gems/actionpack-4.0.4/lib/action_dispatch/middleware/templates/rescues/_request_and_response.erb (28.7ms)
  Rendered /home/vagrant/.rvm/gems/ruby-2.1.1@gdg-museum/gems/actionpack-4.0.4/lib/action_dispatch/middleware/templates/rescues/diagnostics.erb within rescues/layout (50.3ms)


Started GET "/api/beacons" for 10.0.2.2 at 2014-05-16 12:08:44 -0300

LoadError (Unable to autoload constant Api::V1::BeaconsController, expected /vagrant/gdg-museum-api/app/controllers/api/v1/beacons_controller.rb to define it):
  activesupport (4.0.4) lib/active_support/dependencies.rb:464:in `load_missing_constant'
  activesupport (4.0.4) lib/active_support/dependencies.rb:184:in `const_missing'
  activesupport (4.0.4) lib/active_support/inflector/methods.rb:228:in `const_get'
  activesupport (4.0.4) lib/active_support/inflector/methods.rb:228:in `block in constantize'
  activesupport (4.0.4) lib/active_support/inflector/methods.rb:224:in `each'
  activesupport (4.0.4) lib/active_support/inflector/methods.rb:224:in `inject'
  activesupport (4.0.4) lib/active_support/inflector/methods.rb:224:in `constantize'
  activesupport (4.0.4) lib/active_support/dependencies.rb:535:in `get'
  activesupport (4.0.4) lib/active_support/dependencies.rb:566:in `constantize'
  actionpack (4.0.4) lib/action_dispatch/routing/route_set.rb:76:in `controller_reference'
  actionpack (4.0.4) lib/action_dispatch/routing/route_set.rb:66:in `controller'
  actionpack (4.0.4) lib/action_dispatch/routing/route_set.rb:44:in `call'
  actionpack (4.0.4) lib/action_dispatch/routing/mapper.rb:44:in `call'
  actionpack (4.0.4) lib/action_dispatch/journey/router.rb:71:in `block in call'
  actionpack (4.0.4) lib/action_dispatch/journey/router.rb:59:in `each'
  actionpack (4.0.4) lib/action_dispatch/journey/router.rb:59:in `call'
  actionpack (4.0.4) lib/action_dispatch/routing/route_set.rb:674:in `call'
  rack (1.5.2) lib/rack/etag.rb:23:in `call'
  rack (1.5.2) lib/rack/conditionalget.rb:25:in `call'
  rack (1.5.2) lib/rack/head.rb:11:in `call'
  actionpack (4.0.4) lib/action_dispatch/middleware/params_parser.rb:27:in `call'
  actionpack (4.0.4) lib/action_dispatch/middleware/flash.rb:241:in `call'
  rack (1.5.2) lib/rack/session/abstract/id.rb:225:in `context'
  rack (1.5.2) lib/rack/session/abstract/id.rb:220:in `call'
  actionpack (4.0.4) lib/action_dispatch/middleware/cookies.rb:486:in `call'
  activerecord (4.0.4) lib/active_record/query_cache.rb:36:in `call'
  activerecord (4.0.4) lib/active_record/connection_adapters/abstract/connection_pool.rb:626:in `call'
  activerecord (4.0.4) lib/active_record/migration.rb:373:in `call'
  actionpack (4.0.4) lib/action_dispatch/middleware/callbacks.rb:29:in `block in call'
  activesupport (4.0.4) lib/active_support/callbacks.rb:373:in `_run__3131103184613070290__call__callbacks'
  activesupport (4.0.4) lib/active_support/callbacks.rb:80:in `run_callbacks'
  actionpack (4.0.4) lib/action_dispatch/middleware/callbacks.rb:27:in `call'
  actionpack (4.0.4) lib/action_dispatch/middleware/reloader.rb:64:in `call'
  actionpack (4.0.4) lib/action_dispatch/middleware/remote_ip.rb:76:in `call'
  actionpack (4.0.4) lib/action_dispatch/middleware/debug_exceptions.rb:17:in `call'
  actionpack (4.0.4) lib/action_dispatch/middleware/show_exceptions.rb:30:in `call'
  railties (4.0.4) lib/rails/rack/logger.rb:38:in `call_app'
  railties (4.0.4) lib/rails/rack/logger.rb:20:in `block in call'
  activesupport (4.0.4) lib/active_support/tagged_logging.rb:68:in `block in tagged'
  activesupport (4.0.4) lib/active_support/tagged_logging.rb:26:in `tagged'
  activesupport (4.0.4) lib/active_support/tagged_logging.rb:68:in `tagged'
  railties (4.0.4) lib/rails/rack/logger.rb:20:in `call'
  actionpack (4.0.4) lib/action_dispatch/middleware/request_id.rb:21:in `call'
  rack (1.5.2) lib/rack/methodoverride.rb:21:in `call'
  rack (1.5.2) lib/rack/runtime.rb:17:in `call'
  activesupport (4.0.4) lib/active_support/cache/strategy/local_cache.rb:83:in `call'
  rack (1.5.2) lib/rack/lock.rb:17:in `call'
  actionpack (4.0.4) lib/action_dispatch/middleware/static.rb:64:in `call'
  rack (1.5.2) lib/rack/sendfile.rb:112:in `call'
  railties (4.0.4) lib/rails/engine.rb:511:in `call'
  railties (4.0.4) lib/rails/application.rb:97:in `call'
  rack (1.5.2) lib/rack/content_length.rb:14:in `call'
  thin (1.6.2) lib/thin/connection.rb:86:in `block in pre_process'
  thin (1.6.2) lib/thin/connection.rb:84:in `catch'
  thin (1.6.2) lib/thin/connection.rb:84:in `pre_process'
  thin (1.6.2) lib/thin/connection.rb:53:in `process'
  thin (1.6.2) lib/thin/connection.rb:39:in `receive_data'
  eventmachine (1.0.3) lib/eventmachine.rb:187:in `run_machine'
  eventmachine (1.0.3) lib/eventmachine.rb:187:in `run'
  thin (1.6.2) lib/thin/backends/base.rb:73:in `start'
  thin (1.6.2) lib/thin/server.rb:162:in `start'
  rack (1.5.2) lib/rack/handler/thin.rb:16:in `run'
  rack (1.5.2) lib/rack/server.rb:264:in `start'
  railties (4.0.4) lib/rails/commands/server.rb:84:in `start'
  railties (4.0.4) lib/rails/commands.rb:76:in `block in <top (required)>'
  railties (4.0.4) lib/rails/commands.rb:71:in `tap'
  railties (4.0.4) lib/rails/commands.rb:71:in `<top (required)>'
  bin/rails:4:in `require'
  bin/rails:4:in `<main>'


  Rendered /home/vagrant/.rvm/gems/ruby-2.1.1@gdg-museum/gems/actionpack-4.0.4/lib/action_dispatch/middleware/templates/rescues/_source.erb (0.5ms)
  Rendered /home/vagrant/.rvm/gems/ruby-2.1.1@gdg-museum/gems/actionpack-4.0.4/lib/action_dispatch/middleware/templates/rescues/_trace.erb (1.2ms)
  Rendered /home/vagrant/.rvm/gems/ruby-2.1.1@gdg-museum/gems/actionpack-4.0.4/lib/action_dispatch/middleware/templates/rescues/_request_and_response.erb (1.7ms)
  Rendered /home/vagrant/.rvm/gems/ruby-2.1.1@gdg-museum/gems/actionpack-4.0.4/lib/action_dispatch/middleware/templates/rescues/diagnostics.erb within rescues/layout (16.0ms)


Started GET "/api/beacons" for 10.0.2.2 at 2014-05-16 12:09:53 -0300

LoadError (Unable to autoload constant Api::V1::BeaconsController, expected /vagrant/gdg-museum-api/app/controllers/api/v1/beacons_controller.rb to define it):
  activesupport (4.0.4) lib/active_support/dependencies.rb:464:in `load_missing_constant'
  activesupport (4.0.4) lib/active_support/dependencies.rb:184:in `const_missing'
  activesupport (4.0.4) lib/active_support/inflector/methods.rb:228:in `const_get'
  activesupport (4.0.4) lib/active_support/inflector/methods.rb:228:in `block in constantize'
  activesupport (4.0.4) lib/active_support/inflector/methods.rb:224:in `each'
  activesupport (4.0.4) lib/active_support/inflector/methods.rb:224:in `inject'
  activesupport (4.0.4) lib/active_support/inflector/methods.rb:224:in `constantize'
  activesupport (4.0.4) lib/active_support/dependencies.rb:535:in `get'
  activesupport (4.0.4) lib/active_support/dependencies.rb:566:in `constantize'
  actionpack (4.0.4) lib/action_dispatch/routing/route_set.rb:76:in `controller_reference'
  actionpack (4.0.4) lib/action_dispatch/routing/route_set.rb:66:in `controller'
  actionpack (4.0.4) lib/action_dispatch/routing/route_set.rb:44:in `call'
  actionpack (4.0.4) lib/action_dispatch/routing/mapper.rb:44:in `call'
  actionpack (4.0.4) lib/action_dispatch/journey/router.rb:71:in `block in call'
  actionpack (4.0.4) lib/action_dispatch/journey/router.rb:59:in `each'
  actionpack (4.0.4) lib/action_dispatch/journey/router.rb:59:in `call'
  actionpack (4.0.4) lib/action_dispatch/routing/route_set.rb:674:in `call'
  rack (1.5.2) lib/rack/etag.rb:23:in `call'
  rack (1.5.2) lib/rack/conditionalget.rb:25:in `call'
  rack (1.5.2) lib/rack/head.rb:11:in `call'
  actionpack (4.0.4) lib/action_dispatch/middleware/params_parser.rb:27:in `call'
  actionpack (4.0.4) lib/action_dispatch/middleware/flash.rb:241:in `call'
  rack (1.5.2) lib/rack/session/abstract/id.rb:225:in `context'
  rack (1.5.2) lib/rack/session/abstract/id.rb:220:in `call'
  actionpack (4.0.4) lib/action_dispatch/middleware/cookies.rb:486:in `call'
  activerecord (4.0.4) lib/active_record/query_cache.rb:36:in `call'
  activerecord (4.0.4) lib/active_record/connection_adapters/abstract/connection_pool.rb:626:in `call'
  activerecord (4.0.4) lib/active_record/migration.rb:373:in `call'
  actionpack (4.0.4) lib/action_dispatch/middleware/callbacks.rb:29:in `block in call'
  activesupport (4.0.4) lib/active_support/callbacks.rb:373:in `_run__3131103184613070290__call__callbacks'
  activesupport (4.0.4) lib/active_support/callbacks.rb:80:in `run_callbacks'
  actionpack (4.0.4) lib/action_dispatch/middleware/callbacks.rb:27:in `call'
  actionpack (4.0.4) lib/action_dispatch/middleware/reloader.rb:64:in `call'
  actionpack (4.0.4) lib/action_dispatch/middleware/remote_ip.rb:76:in `call'
  actionpack (4.0.4) lib/action_dispatch/middleware/debug_exceptions.rb:17:in `call'
  actionpack (4.0.4) lib/action_dispatch/middleware/show_exceptions.rb:30:in `call'
  railties (4.0.4) lib/rails/rack/logger.rb:38:in `call_app'
  railties (4.0.4) lib/rails/rack/logger.rb:20:in `block in call'
  activesupport (4.0.4) lib/active_support/tagged_logging.rb:68:in `block in tagged'
  activesupport (4.0.4) lib/active_support/tagged_logging.rb:26:in `tagged'
  activesupport (4.0.4) lib/active_support/tagged_logging.rb:68:in `tagged'
  railties (4.0.4) lib/rails/rack/logger.rb:20:in `call'
  actionpack (4.0.4) lib/action_dispatch/middleware/request_id.rb:21:in `call'
  rack (1.5.2) lib/rack/methodoverride.rb:21:in `call'
  rack (1.5.2) lib/rack/runtime.rb:17:in `call'
  activesupport (4.0.4) lib/active_support/cache/strategy/local_cache.rb:83:in `call'
  rack (1.5.2) lib/rack/lock.rb:17:in `call'
  actionpack (4.0.4) lib/action_dispatch/middleware/static.rb:64:in `call'
  rack (1.5.2) lib/rack/sendfile.rb:112:in `call'
  railties (4.0.4) lib/rails/engine.rb:511:in `call'
  railties (4.0.4) lib/rails/application.rb:97:in `call'
  rack (1.5.2) lib/rack/content_length.rb:14:in `call'
  thin (1.6.2) lib/thin/connection.rb:86:in `block in pre_process'
  thin (1.6.2) lib/thin/connection.rb:84:in `catch'
  thin (1.6.2) lib/thin/connection.rb:84:in `pre_process'
  thin (1.6.2) lib/thin/connection.rb:53:in `process'
  thin (1.6.2) lib/thin/connection.rb:39:in `receive_data'
  eventmachine (1.0.3) lib/eventmachine.rb:187:in `run_machine'
  eventmachine (1.0.3) lib/eventmachine.rb:187:in `run'
  thin (1.6.2) lib/thin/backends/base.rb:73:in `start'
  thin (1.6.2) lib/thin/server.rb:162:in `start'
  rack (1.5.2) lib/rack/handler/thin.rb:16:in `run'
  rack (1.5.2) lib/rack/server.rb:264:in `start'
  railties (4.0.4) lib/rails/commands/server.rb:84:in `start'
  railties (4.0.4) lib/rails/commands.rb:76:in `block in <top (required)>'
  railties (4.0.4) lib/rails/commands.rb:71:in `tap'
  railties (4.0.4) lib/rails/commands.rb:71:in `<top (required)>'
  bin/rails:4:in `require'
  bin/rails:4:in `<main>'


  Rendered /home/vagrant/.rvm/gems/ruby-2.1.1@gdg-museum/gems/actionpack-4.0.4/lib/action_dispatch/middleware/templates/rescues/_source.erb (0.6ms)
  Rendered /home/vagrant/.rvm/gems/ruby-2.1.1@gdg-museum/gems/actionpack-4.0.4/lib/action_dispatch/middleware/templates/rescues/_trace.erb (1.2ms)
  Rendered /home/vagrant/.rvm/gems/ruby-2.1.1@gdg-museum/gems/actionpack-4.0.4/lib/action_dispatch/middleware/templates/rescues/_request_and_response.erb (1.0ms)
  Rendered /home/vagrant/.rvm/gems/ruby-2.1.1@gdg-museum/gems/actionpack-4.0.4/lib/action_dispatch/middleware/templates/rescues/diagnostics.erb within rescues/layout (15.1ms)


Started GET "/api/beacons" for 10.0.2.2 at 2014-05-16 12:14:37 -0300
  [1m[36mActiveRecord::SchemaMigration Load (1.0ms)[0m  [1mSELECT "schema_migrations".* FROM "schema_migrations"[0m

ActionController::RoutingError (uninitialized constant API::V1):
  app/controllers/api/beacons_controller.rb:1:in `<top (required)>'


  Rendered /home/vagrant/.rvm/gems/ruby-2.1.1@gdg-museum/gems/actionpack-4.0.4/lib/action_dispatch/middleware/templates/rescues/_trace.erb (1.4ms)
  Rendered /home/vagrant/.rvm/gems/ruby-2.1.1@gdg-museum/gems/actionpack-4.0.4/lib/action_dispatch/middleware/templates/routes/_route.html.erb (1.5ms)
  Rendered /home/vagrant/.rvm/gems/ruby-2.1.1@gdg-museum/gems/actionpack-4.0.4/lib/action_dispatch/middleware/templates/routes/_table.html.erb (19.3ms)
  Rendered /home/vagrant/.rvm/gems/ruby-2.1.1@gdg-museum/gems/actionpack-4.0.4/lib/action_dispatch/middleware/templates/rescues/routing_error.erb within rescues/layout (56.3ms)


Started GET "/api/beacons" for 10.0.2.2 at 2014-05-16 12:15:08 -0300

ActionController::RoutingError (uninitialized constant API::V1):
  app/controllers/api/beacons_controller.rb:1:in `<top (required)>'


  Rendered /home/vagrant/.rvm/gems/ruby-2.1.1@gdg-museum/gems/actionpack-4.0.4/lib/action_dispatch/middleware/templates/rescues/_trace.erb (2.6ms)
  Rendered /home/vagrant/.rvm/gems/ruby-2.1.1@gdg-museum/gems/actionpack-4.0.4/lib/action_dispatch/middleware/templates/routes/_route.html.erb (1.4ms)
  Rendered /home/vagrant/.rvm/gems/ruby-2.1.1@gdg-museum/gems/actionpack-4.0.4/lib/action_dispatch/middleware/templates/routes/_table.html.erb (1.3ms)
  Rendered /home/vagrant/.rvm/gems/ruby-2.1.1@gdg-museum/gems/actionpack-4.0.4/lib/action_dispatch/middleware/templates/rescues/routing_error.erb within rescues/layout (28.5ms)


Started GET "/api/beacons" for 10.0.2.2 at 2014-05-16 12:16:05 -0300

LoadError (Unable to autoload constant Api::BeaconsController, expected /vagrant/gdg-museum-api/app/controllers/api/beacons_controller.rb to define it):
  activesupport (4.0.4) lib/active_support/dependencies.rb:464:in `load_missing_constant'
  activesupport (4.0.4) lib/active_support/dependencies.rb:184:in `const_missing'
  activesupport (4.0.4) lib/active_support/inflector/methods.rb:228:in `const_get'
  activesupport (4.0.4) lib/active_support/inflector/methods.rb:228:in `block in constantize'
  activesupport (4.0.4) lib/active_support/inflector/methods.rb:224:in `each'
  activesupport (4.0.4) lib/active_support/inflector/methods.rb:224:in `inject'
  activesupport (4.0.4) lib/active_support/inflector/methods.rb:224:in `constantize'
  activesupport (4.0.4) lib/active_support/dependencies.rb:535:in `get'
  activesupport (4.0.4) lib/active_support/dependencies.rb:566:in `constantize'
  actionpack (4.0.4) lib/action_dispatch/routing/route_set.rb:76:in `controller_reference'
  actionpack (4.0.4) lib/action_dispatch/routing/route_set.rb:66:in `controller'
  actionpack (4.0.4) lib/action_dispatch/routing/route_set.rb:44:in `call'
  actionpack (4.0.4) lib/action_dispatch/journey/router.rb:71:in `block in call'
  actionpack (4.0.4) lib/action_dispatch/journey/router.rb:59:in `each'
  actionpack (4.0.4) lib/action_dispatch/journey/router.rb:59:in `call'
  actionpack (4.0.4) lib/action_dispatch/routing/route_set.rb:674:in `call'
  rack (1.5.2) lib/rack/etag.rb:23:in `call'
  rack (1.5.2) lib/rack/conditionalget.rb:25:in `call'
  rack (1.5.2) lib/rack/head.rb:11:in `call'
  actionpack (4.0.4) lib/action_dispatch/middleware/params_parser.rb:27:in `call'
  actionpack (4.0.4) lib/action_dispatch/middleware/flash.rb:241:in `call'
  rack (1.5.2) lib/rack/session/abstract/id.rb:225:in `context'
  rack (1.5.2) lib/rack/session/abstract/id.rb:220:in `call'
  actionpack (4.0.4) lib/action_dispatch/middleware/cookies.rb:486:in `call'
  activerecord (4.0.4) lib/active_record/query_cache.rb:36:in `call'
  activerecord (4.0.4) lib/active_record/connection_adapters/abstract/connection_pool.rb:626:in `call'
  activerecord (4.0.4) lib/active_record/migration.rb:373:in `call'
  actionpack (4.0.4) lib/action_dispatch/middleware/callbacks.rb:29:in `block in call'
  activesupport (4.0.4) lib/active_support/callbacks.rb:373:in `_run__783589624088722491__call__callbacks'
  activesupport (4.0.4) lib/active_support/callbacks.rb:80:in `run_callbacks'
  actionpack (4.0.4) lib/action_dispatch/middleware/callbacks.rb:27:in `call'
  actionpack (4.0.4) lib/action_dispatch/middleware/reloader.rb:64:in `call'
  actionpack (4.0.4) lib/action_dispatch/middleware/remote_ip.rb:76:in `call'
  actionpack (4.0.4) lib/action_dispatch/middleware/debug_exceptions.rb:17:in `call'
  actionpack (4.0.4) lib/action_dispatch/middleware/show_exceptions.rb:30:in `call'
  railties (4.0.4) lib/rails/rack/logger.rb:38:in `call_app'
  railties (4.0.4) lib/rails/rack/logger.rb:20:in `block in call'
  activesupport (4.0.4) lib/active_support/tagged_logging.rb:68:in `block in tagged'
  activesupport (4.0.4) lib/active_support/tagged_logging.rb:26:in `tagged'
  activesupport (4.0.4) lib/active_support/tagged_logging.rb:68:in `tagged'
  railties (4.0.4) lib/rails/rack/logger.rb:20:in `call'
  actionpack (4.0.4) lib/action_dispatch/middleware/request_id.rb:21:in `call'
  rack (1.5.2) lib/rack/methodoverride.rb:21:in `call'
  rack (1.5.2) lib/rack/runtime.rb:17:in `call'
  activesupport (4.0.4) lib/active_support/cache/strategy/local_cache.rb:83:in `call'
  rack (1.5.2) lib/rack/lock.rb:17:in `call'
  actionpack (4.0.4) lib/action_dispatch/middleware/static.rb:64:in `call'
  rack (1.5.2) lib/rack/sendfile.rb:112:in `call'
  railties (4.0.4) lib/rails/engine.rb:511:in `call'
  railties (4.0.4) lib/rails/application.rb:97:in `call'
  rack (1.5.2) lib/rack/content_length.rb:14:in `call'
  thin (1.6.2) lib/thin/connection.rb:86:in `block in pre_process'
  thin (1.6.2) lib/thin/connection.rb:84:in `catch'
  thin (1.6.2) lib/thin/connection.rb:84:in `pre_process'
  thin (1.6.2) lib/thin/connection.rb:53:in `process'
  thin (1.6.2) lib/thin/connection.rb:39:in `receive_data'
  eventmachine (1.0.3) lib/eventmachine.rb:187:in `run_machine'
  eventmachine (1.0.3) lib/eventmachine.rb:187:in `run'
  thin (1.6.2) lib/thin/backends/base.rb:73:in `start'
  thin (1.6.2) lib/thin/server.rb:162:in `start'
  rack (1.5.2) lib/rack/handler/thin.rb:16:in `run'
  rack (1.5.2) lib/rack/server.rb:264:in `start'
  railties (4.0.4) lib/rails/commands/server.rb:84:in `start'
  railties (4.0.4) lib/rails/commands.rb:76:in `block in <top (required)>'
  railties (4.0.4) lib/rails/commands.rb:71:in `tap'
  railties (4.0.4) lib/rails/commands.rb:71:in `<top (required)>'
  bin/rails:4:in `require'
  bin/rails:4:in `<main>'


  Rendered /home/vagrant/.rvm/gems/ruby-2.1.1@gdg-museum/gems/actionpack-4.0.4/lib/action_dispatch/middleware/templates/rescues/_source.erb (0.8ms)
  Rendered /home/vagrant/.rvm/gems/ruby-2.1.1@gdg-museum/gems/actionpack-4.0.4/lib/action_dispatch/middleware/templates/rescues/_trace.erb (1.8ms)
  Rendered /home/vagrant/.rvm/gems/ruby-2.1.1@gdg-museum/gems/actionpack-4.0.4/lib/action_dispatch/middleware/templates/rescues/_request_and_response.erb (29.0ms)
  Rendered /home/vagrant/.rvm/gems/ruby-2.1.1@gdg-museum/gems/actionpack-4.0.4/lib/action_dispatch/middleware/templates/rescues/diagnostics.erb within rescues/layout (48.1ms)


Started GET "/beacons" for 10.0.2.2 at 2014-05-16 12:16:54 -0300
Processing by BeaconsController#index as */*
  Parameters: {"beacon"=>{}}
  [1m[35mBeacon Load (0.9ms)[0m  SELECT "beacons".* FROM "beacons"
  Rendered beacons/index.html.erb within layouts/application (8.7ms)
Completed 200 OK in 445ms (Views: 442.6ms | ActiveRecord: 6.0ms)


Started GET "/beacons.json" for 10.0.2.2 at 2014-05-16 12:17:02 -0300
Processing by BeaconsController#index as JSON
  Parameters: {"beacon"=>{}}
  [1m[36mBeacon Load (1.0ms)[0m  [1mSELECT "beacons".* FROM "beacons"[0m
  Rendered beacons/index.json.jbuilder (20.6ms)
Completed 200 OK in 116ms (Views: 114.0ms | ActiveRecord: 1.0ms)


Started GET "/api/beacons" for 10.0.2.2 at 2014-05-16 12:19:47 -0300

ActionController::RoutingError (No route matches [GET] "/api/beacons"):
  actionpack (4.0.4) lib/action_dispatch/middleware/debug_exceptions.rb:21:in `call'
  actionpack (4.0.4) lib/action_dispatch/middleware/show_exceptions.rb:30:in `call'
  railties (4.0.4) lib/rails/rack/logger.rb:38:in `call_app'
  railties (4.0.4) lib/rails/rack/logger.rb:20:in `block in call'
  activesupport (4.0.4) lib/active_support/tagged_logging.rb:68:in `block in tagged'
  activesupport (4.0.4) lib/active_support/tagged_logging.rb:26:in `tagged'
  activesupport (4.0.4) lib/active_support/tagged_logging.rb:68:in `tagged'
  railties (4.0.4) lib/rails/rack/logger.rb:20:in `call'
  actionpack (4.0.4) lib/action_dispatch/middleware/request_id.rb:21:in `call'
  rack (1.5.2) lib/rack/methodoverride.rb:21:in `call'
  rack (1.5.2) lib/rack/runtime.rb:17:in `call'
  activesupport (4.0.4) lib/active_support/cache/strategy/local_cache.rb:83:in `call'
  rack (1.5.2) lib/rack/lock.rb:17:in `call'
  actionpack (4.0.4) lib/action_dispatch/middleware/static.rb:64:in `call'
  rack (1.5.2) lib/rack/sendfile.rb:112:in `call'
  railties (4.0.4) lib/rails/engine.rb:511:in `call'
  railties (4.0.4) lib/rails/application.rb:97:in `call'
  rack (1.5.2) lib/rack/content_length.rb:14:in `call'
  thin (1.6.2) lib/thin/connection.rb:86:in `block in pre_process'
  thin (1.6.2) lib/thin/connection.rb:84:in `catch'
  thin (1.6.2) lib/thin/connection.rb:84:in `pre_process'
  thin (1.6.2) lib/thin/connection.rb:53:in `process'
  thin (1.6.2) lib/thin/connection.rb:39:in `receive_data'
  eventmachine (1.0.3) lib/eventmachine.rb:187:in `run_machine'
  eventmachine (1.0.3) lib/eventmachine.rb:187:in `run'
  thin (1.6.2) lib/thin/backends/base.rb:73:in `start'
  thin (1.6.2) lib/thin/server.rb:162:in `start'
  rack (1.5.2) lib/rack/handler/thin.rb:16:in `run'
  rack (1.5.2) lib/rack/server.rb:264:in `start'
  railties (4.0.4) lib/rails/commands/server.rb:84:in `start'
  railties (4.0.4) lib/rails/commands.rb:76:in `block in <top (required)>'
  railties (4.0.4) lib/rails/commands.rb:71:in `tap'
  railties (4.0.4) lib/rails/commands.rb:71:in `<top (required)>'
  bin/rails:4:in `require'
  bin/rails:4:in `<main>'


  Rendered /home/vagrant/.rvm/gems/ruby-2.1.1@gdg-museum/gems/actionpack-4.0.4/lib/action_dispatch/middleware/templates/rescues/_trace.erb (1.9ms)
  Rendered /home/vagrant/.rvm/gems/ruby-2.1.1@gdg-museum/gems/actionpack-4.0.4/lib/action_dispatch/middleware/templates/routes/_route.html.erb (1.9ms)
  Rendered /home/vagrant/.rvm/gems/ruby-2.1.1@gdg-museum/gems/actionpack-4.0.4/lib/action_dispatch/middleware/templates/routes/_table.html.erb (1.6ms)
  Rendered /home/vagrant/.rvm/gems/ruby-2.1.1@gdg-museum/gems/actionpack-4.0.4/lib/action_dispatch/middleware/templates/rescues/routing_error.erb within rescues/layout (36.2ms)


Started GET "/api/v1/beacons" for 10.0.2.2 at 2014-05-16 12:20:06 -0300

ActionController::RoutingError (uninitialized constant Api::V1):
  activesupport (4.0.4) lib/active_support/inflector/methods.rb:228:in `const_get'
  activesupport (4.0.4) lib/active_support/inflector/methods.rb:228:in `block in constantize'
  activesupport (4.0.4) lib/active_support/inflector/methods.rb:224:in `each'
  activesupport (4.0.4) lib/active_support/inflector/methods.rb:224:in `inject'
  activesupport (4.0.4) lib/active_support/inflector/methods.rb:224:in `constantize'
  actionpack (4.0.4) lib/action_dispatch/routing/route_set.rb:76:in `controller_reference'
  actionpack (4.0.4) lib/action_dispatch/routing/route_set.rb:66:in `controller'
  actionpack (4.0.4) lib/action_dispatch/routing/route_set.rb:44:in `call'
  actionpack (4.0.4) lib/action_dispatch/journey/router.rb:71:in `block in call'
  actionpack (4.0.4) lib/action_dispatch/journey/router.rb:59:in `each'
  actionpack (4.0.4) lib/action_dispatch/journey/router.rb:59:in `call'
  actionpack (4.0.4) lib/action_dispatch/routing/route_set.rb:674:in `call'
  rack (1.5.2) lib/rack/etag.rb:23:in `call'
  rack (1.5.2) lib/rack/conditionalget.rb:25:in `call'
  rack (1.5.2) lib/rack/head.rb:11:in `call'
  actionpack (4.0.4) lib/action_dispatch/middleware/params_parser.rb:27:in `call'
  actionpack (4.0.4) lib/action_dispatch/middleware/flash.rb:241:in `call'
  rack (1.5.2) lib/rack/session/abstract/id.rb:225:in `context'
  rack (1.5.2) lib/rack/session/abstract/id.rb:220:in `call'
  actionpack (4.0.4) lib/action_dispatch/middleware/cookies.rb:486:in `call'
  activerecord (4.0.4) lib/active_record/query_cache.rb:36:in `call'
  activerecord (4.0.4) lib/active_record/connection_adapters/abstract/connection_pool.rb:626:in `call'
  activerecord (4.0.4) lib/active_record/migration.rb:373:in `call'
  actionpack (4.0.4) lib/action_dispatch/middleware/callbacks.rb:29:in `block in call'
  activesupport (4.0.4) lib/active_support/callbacks.rb:373:in `_run__783589624088722491__call__callbacks'
  activesupport (4.0.4) lib/active_support/callbacks.rb:80:in `run_callbacks'
  actionpack (4.0.4) lib/action_dispatch/middleware/callbacks.rb:27:in `call'
  actionpack (4.0.4) lib/action_dispatch/middleware/reloader.rb:64:in `call'
  actionpack (4.0.4) lib/action_dispatch/middleware/remote_ip.rb:76:in `call'
  actionpack (4.0.4) lib/action_dispatch/middleware/debug_exceptions.rb:17:in `call'
  actionpack (4.0.4) lib/action_dispatch/middleware/show_exceptions.rb:30:in `call'
  railties (4.0.4) lib/rails/rack/logger.rb:38:in `call_app'
  railties (4.0.4) lib/rails/rack/logger.rb:20:in `block in call'
  activesupport (4.0.4) lib/active_support/tagged_logging.rb:68:in `block in tagged'
  activesupport (4.0.4) lib/active_support/tagged_logging.rb:26:in `tagged'
  activesupport (4.0.4) lib/active_support/tagged_logging.rb:68:in `tagged'
  railties (4.0.4) lib/rails/rack/logger.rb:20:in `call'
  actionpack (4.0.4) lib/action_dispatch/middleware/request_id.rb:21:in `call'
  rack (1.5.2) lib/rack/methodoverride.rb:21:in `call'
  rack (1.5.2) lib/rack/runtime.rb:17:in `call'
  activesupport (4.0.4) lib/active_support/cache/strategy/local_cache.rb:83:in `call'
  rack (1.5.2) lib/rack/lock.rb:17:in `call'
  actionpack (4.0.4) lib/action_dispatch/middleware/static.rb:64:in `call'
  rack (1.5.2) lib/rack/sendfile.rb:112:in `call'
  railties (4.0.4) lib/rails/engine.rb:511:in `call'
  railties (4.0.4) lib/rails/application.rb:97:in `call'
  rack (1.5.2) lib/rack/content_length.rb:14:in `call'
  thin (1.6.2) lib/thin/connection.rb:86:in `block in pre_process'
  thin (1.6.2) lib/thin/connection.rb:84:in `catch'
  thin (1.6.2) lib/thin/connection.rb:84:in `pre_process'
  thin (1.6.2) lib/thin/connection.rb:53:in `process'
  thin (1.6.2) lib/thin/connection.rb:39:in `receive_data'
  eventmachine (1.0.3) lib/eventmachine.rb:187:in `run_machine'
  eventmachine (1.0.3) lib/eventmachine.rb:187:in `run'
  thin (1.6.2) lib/thin/backends/base.rb:73:in `start'
  thin (1.6.2) lib/thin/server.rb:162:in `start'
  rack (1.5.2) lib/rack/handler/thin.rb:16:in `run'
  rack (1.5.2) lib/rack/server.rb:264:in `start'
  railties (4.0.4) lib/rails/commands/server.rb:84:in `start'
  railties (4.0.4) lib/rails/commands.rb:76:in `block in <top (required)>'
  railties (4.0.4) lib/rails/commands.rb:71:in `tap'
  railties (4.0.4) lib/rails/commands.rb:71:in `<top (required)>'
  bin/rails:4:in `require'
  bin/rails:4:in `<main>'


  Rendered /home/vagrant/.rvm/gems/ruby-2.1.1@gdg-museum/gems/actionpack-4.0.4/lib/action_dispatch/middleware/templates/rescues/_trace.erb (2.4ms)
  Rendered /home/vagrant/.rvm/gems/ruby-2.1.1@gdg-museum/gems/actionpack-4.0.4/lib/action_dispatch/middleware/templates/routes/_route.html.erb (1.6ms)
  Rendered /home/vagrant/.rvm/gems/ruby-2.1.1@gdg-museum/gems/actionpack-4.0.4/lib/action_dispatch/middleware/templates/routes/_table.html.erb (1.2ms)
  Rendered /home/vagrant/.rvm/gems/ruby-2.1.1@gdg-museum/gems/actionpack-4.0.4/lib/action_dispatch/middleware/templates/rescues/routing_error.erb within rescues/layout (27.2ms)


Started GET "/api/v1/beacons" for 10.0.2.2 at 2014-05-16 12:22:08 -0300
  [1m[36mActiveRecord::SchemaMigration Load (0.8ms)[0m  [1mSELECT "schema_migrations".* FROM "schema_migrations"[0m

ActionController::RoutingError (uninitialized constant Api::V1):
  activesupport (4.0.4) lib/active_support/inflector/methods.rb:228:in `const_get'
  activesupport (4.0.4) lib/active_support/inflector/methods.rb:228:in `block in constantize'
  activesupport (4.0.4) lib/active_support/inflector/methods.rb:224:in `each'
  activesupport (4.0.4) lib/active_support/inflector/methods.rb:224:in `inject'
  activesupport (4.0.4) lib/active_support/inflector/methods.rb:224:in `constantize'
  actionpack (4.0.4) lib/action_dispatch/routing/route_set.rb:76:in `controller_reference'
  actionpack (4.0.4) lib/action_dispatch/routing/route_set.rb:66:in `controller'
  actionpack (4.0.4) lib/action_dispatch/routing/route_set.rb:44:in `call'
  actionpack (4.0.4) lib/action_dispatch/journey/router.rb:71:in `block in call'
  actionpack (4.0.4) lib/action_dispatch/journey/router.rb:59:in `each'
  actionpack (4.0.4) lib/action_dispatch/journey/router.rb:59:in `call'
  actionpack (4.0.4) lib/action_dispatch/routing/route_set.rb:674:in `call'
  rack (1.5.2) lib/rack/etag.rb:23:in `call'
  rack (1.5.2) lib/rack/conditionalget.rb:25:in `call'
  rack (1.5.2) lib/rack/head.rb:11:in `call'
  actionpack (4.0.4) lib/action_dispatch/middleware/params_parser.rb:27:in `call'
  actionpack (4.0.4) lib/action_dispatch/middleware/flash.rb:241:in `call'
  rack (1.5.2) lib/rack/session/abstract/id.rb:225:in `context'
  rack (1.5.2) lib/rack/session/abstract/id.rb:220:in `call'
  actionpack (4.0.4) lib/action_dispatch/middleware/cookies.rb:486:in `call'
  activerecord (4.0.4) lib/active_record/query_cache.rb:36:in `call'
  activerecord (4.0.4) lib/active_record/connection_adapters/abstract/connection_pool.rb:626:in `call'
  activerecord (4.0.4) lib/active_record/migration.rb:373:in `call'
  actionpack (4.0.4) lib/action_dispatch/middleware/callbacks.rb:29:in `block in call'
  activesupport (4.0.4) lib/active_support/callbacks.rb:373:in `_run__2093992530943906875__call__callbacks'
  activesupport (4.0.4) lib/active_support/callbacks.rb:80:in `run_callbacks'
  actionpack (4.0.4) lib/action_dispatch/middleware/callbacks.rb:27:in `call'
  actionpack (4.0.4) lib/action_dispatch/middleware/reloader.rb:64:in `call'
  actionpack (4.0.4) lib/action_dispatch/middleware/remote_ip.rb:76:in `call'
  actionpack (4.0.4) lib/action_dispatch/middleware/debug_exceptions.rb:17:in `call'
  actionpack (4.0.4) lib/action_dispatch/middleware/show_exceptions.rb:30:in `call'
  railties (4.0.4) lib/rails/rack/logger.rb:38:in `call_app'
  railties (4.0.4) lib/rails/rack/logger.rb:20:in `block in call'
  activesupport (4.0.4) lib/active_support/tagged_logging.rb:68:in `block in tagged'
  activesupport (4.0.4) lib/active_support/tagged_logging.rb:26:in `tagged'
  activesupport (4.0.4) lib/active_support/tagged_logging.rb:68:in `tagged'
  railties (4.0.4) lib/rails/rack/logger.rb:20:in `call'
  actionpack (4.0.4) lib/action_dispatch/middleware/request_id.rb:21:in `call'
  rack (1.5.2) lib/rack/methodoverride.rb:21:in `call'
  rack (1.5.2) lib/rack/runtime.rb:17:in `call'
  activesupport (4.0.4) lib/active_support/cache/strategy/local_cache.rb:83:in `call'
  rack (1.5.2) lib/rack/lock.rb:17:in `call'
  actionpack (4.0.4) lib/action_dispatch/middleware/static.rb:64:in `call'
  rack (1.5.2) lib/rack/sendfile.rb:112:in `call'
  railties (4.0.4) lib/rails/engine.rb:511:in `call'
  railties (4.0.4) lib/rails/application.rb:97:in `call'
  rack (1.5.2) lib/rack/content_length.rb:14:in `call'
  thin (1.6.2) lib/thin/connection.rb:86:in `block in pre_process'
  thin (1.6.2) lib/thin/connection.rb:84:in `catch'
  thin (1.6.2) lib/thin/connection.rb:84:in `pre_process'
  thin (1.6.2) lib/thin/connection.rb:53:in `process'
  thin (1.6.2) lib/thin/connection.rb:39:in `receive_data'
  eventmachine (1.0.3) lib/eventmachine.rb:187:in `run_machine'
  eventmachine (1.0.3) lib/eventmachine.rb:187:in `run'
  thin (1.6.2) lib/thin/backends/base.rb:73:in `start'
  thin (1.6.2) lib/thin/server.rb:162:in `start'
  rack (1.5.2) lib/rack/handler/thin.rb:16:in `run'
  rack (1.5.2) lib/rack/server.rb:264:in `start'
  railties (4.0.4) lib/rails/commands/server.rb:84:in `start'
  railties (4.0.4) lib/rails/commands.rb:76:in `block in <top (required)>'
  railties (4.0.4) lib/rails/commands.rb:71:in `tap'
  railties (4.0.4) lib/rails/commands.rb:71:in `<top (required)>'
  bin/rails:4:in `require'
  bin/rails:4:in `<main>'


  Rendered /home/vagrant/.rvm/gems/ruby-2.1.1@gdg-museum/gems/actionpack-4.0.4/lib/action_dispatch/middleware/templates/rescues/_trace.erb (1.3ms)
  Rendered /home/vagrant/.rvm/gems/ruby-2.1.1@gdg-museum/gems/actionpack-4.0.4/lib/action_dispatch/middleware/templates/routes/_route.html.erb (1.5ms)
  Rendered /home/vagrant/.rvm/gems/ruby-2.1.1@gdg-museum/gems/actionpack-4.0.4/lib/action_dispatch/middleware/templates/routes/_table.html.erb (19.4ms)
  Rendered /home/vagrant/.rvm/gems/ruby-2.1.1@gdg-museum/gems/actionpack-4.0.4/lib/action_dispatch/middleware/templates/rescues/routing_error.erb within rescues/layout (58.8ms)


Started GET "/api/v1/beacons" for 10.0.2.2 at 2014-05-16 12:22:58 -0300

ArgumentError ('api/V1/beacons' is not a supported controller name. This can lead to potential routing problems. See http://guides.rubyonrails.org/routing.html#specifying-a-controller-to-use):
  config/routes.rb:9:in `block (4 levels) in <top (required)>'
  config/routes.rb:8:in `block (3 levels) in <top (required)>'
  config/routes.rb:7:in `block (2 levels) in <top (required)>'
  config/routes.rb:6:in `block in <top (required)>'
  config/routes.rb:1:in `<top (required)>'


  Rendered /home/vagrant/.rvm/gems/ruby-2.1.1@gdg-museum/gems/actionpack-4.0.4/lib/action_dispatch/middleware/templates/rescues/_source.erb (0.7ms)
  Rendered /home/vagrant/.rvm/gems/ruby-2.1.1@gdg-museum/gems/actionpack-4.0.4/lib/action_dispatch/middleware/templates/rescues/_trace.erb (1.3ms)
  Rendered /home/vagrant/.rvm/gems/ruby-2.1.1@gdg-museum/gems/actionpack-4.0.4/lib/action_dispatch/middleware/templates/rescues/_request_and_response.erb (1.6ms)
  Rendered /home/vagrant/.rvm/gems/ruby-2.1.1@gdg-museum/gems/actionpack-4.0.4/lib/action_dispatch/middleware/templates/rescues/diagnostics.erb within rescues/layout (17.0ms)


Started GET "/api/V1/beacons" for 10.0.2.2 at 2014-05-16 12:23:24 -0300

ActionController::RoutingError (No route matches [GET] "/api/V1/beacons"):
  actionpack (4.0.4) lib/action_dispatch/middleware/debug_exceptions.rb:21:in `call'
  actionpack (4.0.4) lib/action_dispatch/middleware/show_exceptions.rb:30:in `call'
  railties (4.0.4) lib/rails/rack/logger.rb:38:in `call_app'
  railties (4.0.4) lib/rails/rack/logger.rb:20:in `block in call'
  activesupport (4.0.4) lib/active_support/tagged_logging.rb:68:in `block in tagged'
  activesupport (4.0.4) lib/active_support/tagged_logging.rb:26:in `tagged'
  activesupport (4.0.4) lib/active_support/tagged_logging.rb:68:in `tagged'
  railties (4.0.4) lib/rails/rack/logger.rb:20:in `call'
  actionpack (4.0.4) lib/action_dispatch/middleware/request_id.rb:21:in `call'
  rack (1.5.2) lib/rack/methodoverride.rb:21:in `call'
  rack (1.5.2) lib/rack/runtime.rb:17:in `call'
  activesupport (4.0.4) lib/active_support/cache/strategy/local_cache.rb:83:in `call'
  rack (1.5.2) lib/rack/lock.rb:17:in `call'
  actionpack (4.0.4) lib/action_dispatch/middleware/static.rb:64:in `call'
  rack (1.5.2) lib/rack/sendfile.rb:112:in `call'
  railties (4.0.4) lib/rails/engine.rb:511:in `call'
  railties (4.0.4) lib/rails/application.rb:97:in `call'
  rack (1.5.2) lib/rack/content_length.rb:14:in `call'
  thin (1.6.2) lib/thin/connection.rb:86:in `block in pre_process'
  thin (1.6.2) lib/thin/connection.rb:84:in `catch'
  thin (1.6.2) lib/thin/connection.rb:84:in `pre_process'
  thin (1.6.2) lib/thin/connection.rb:53:in `process'
  thin (1.6.2) lib/thin/connection.rb:39:in `receive_data'
  eventmachine (1.0.3) lib/eventmachine.rb:187:in `run_machine'
  eventmachine (1.0.3) lib/eventmachine.rb:187:in `run'
  thin (1.6.2) lib/thin/backends/base.rb:73:in `start'
  thin (1.6.2) lib/thin/server.rb:162:in `start'
  rack (1.5.2) lib/rack/handler/thin.rb:16:in `run'
  rack (1.5.2) lib/rack/server.rb:264:in `start'
  railties (4.0.4) lib/rails/commands/server.rb:84:in `start'
  railties (4.0.4) lib/rails/commands.rb:76:in `block in <top (required)>'
  railties (4.0.4) lib/rails/commands.rb:71:in `tap'
  railties (4.0.4) lib/rails/commands.rb:71:in `<top (required)>'
  bin/rails:4:in `require'
  bin/rails:4:in `<main>'


  Rendered /home/vagrant/.rvm/gems/ruby-2.1.1@gdg-museum/gems/actionpack-4.0.4/lib/action_dispatch/middleware/templates/rescues/_trace.erb (2.8ms)
  Rendered /home/vagrant/.rvm/gems/ruby-2.1.1@gdg-museum/gems/actionpack-4.0.4/lib/action_dispatch/middleware/templates/routes/_route.html.erb (2.2ms)
  Rendered /home/vagrant/.rvm/gems/ruby-2.1.1@gdg-museum/gems/actionpack-4.0.4/lib/action_dispatch/middleware/templates/routes/_table.html.erb (1.9ms)
  Rendered /home/vagrant/.rvm/gems/ruby-2.1.1@gdg-museum/gems/actionpack-4.0.4/lib/action_dispatch/middleware/templates/rescues/routing_error.erb within rescues/layout (34.9ms)


Started GET "/api/V1/beacons" for 10.0.2.2 at 2014-05-16 12:25:39 -0300

ActionController::RoutingError (No route matches [GET] "/api/V1/beacons"):
  actionpack (4.0.4) lib/action_dispatch/middleware/debug_exceptions.rb:21:in `call'
  actionpack (4.0.4) lib/action_dispatch/middleware/show_exceptions.rb:30:in `call'
  railties (4.0.4) lib/rails/rack/logger.rb:38:in `call_app'
  railties (4.0.4) lib/rails/rack/logger.rb:20:in `block in call'
  activesupport (4.0.4) lib/active_support/tagged_logging.rb:68:in `block in tagged'
  activesupport (4.0.4) lib/active_support/tagged_logging.rb:26:in `tagged'
  activesupport (4.0.4) lib/active_support/tagged_logging.rb:68:in `tagged'
  railties (4.0.4) lib/rails/rack/logger.rb:20:in `call'
  actionpack (4.0.4) lib/action_dispatch/middleware/request_id.rb:21:in `call'
  rack (1.5.2) lib/rack/methodoverride.rb:21:in `call'
  rack (1.5.2) lib/rack/runtime.rb:17:in `call'
  activesupport (4.0.4) lib/active_support/cache/strategy/local_cache.rb:83:in `call'
  rack (1.5.2) lib/rack/lock.rb:17:in `call'
  actionpack (4.0.4) lib/action_dispatch/middleware/static.rb:64:in `call'
  rack (1.5.2) lib/rack/sendfile.rb:112:in `call'
  railties (4.0.4) lib/rails/engine.rb:511:in `call'
  railties (4.0.4) lib/rails/application.rb:97:in `call'
  rack (1.5.2) lib/rack/content_length.rb:14:in `call'
  thin (1.6.2) lib/thin/connection.rb:86:in `block in pre_process'
  thin (1.6.2) lib/thin/connection.rb:84:in `catch'
  thin (1.6.2) lib/thin/connection.rb:84:in `pre_process'
  thin (1.6.2) lib/thin/connection.rb:53:in `process'
  thin (1.6.2) lib/thin/connection.rb:39:in `receive_data'
  eventmachine (1.0.3) lib/eventmachine.rb:187:in `run_machine'
  eventmachine (1.0.3) lib/eventmachine.rb:187:in `run'
  thin (1.6.2) lib/thin/backends/base.rb:73:in `start'
  thin (1.6.2) lib/thin/server.rb:162:in `start'
  rack (1.5.2) lib/rack/handler/thin.rb:16:in `run'
  rack (1.5.2) lib/rack/server.rb:264:in `start'
  railties (4.0.4) lib/rails/commands/server.rb:84:in `start'
  railties (4.0.4) lib/rails/commands.rb:76:in `block in <top (required)>'
  railties (4.0.4) lib/rails/commands.rb:71:in `tap'
  railties (4.0.4) lib/rails/commands.rb:71:in `<top (required)>'
  bin/rails:4:in `require'
  bin/rails:4:in `<main>'


  Rendered /home/vagrant/.rvm/gems/ruby-2.1.1@gdg-museum/gems/actionpack-4.0.4/lib/action_dispatch/middleware/templates/rescues/_trace.erb (1.1ms)
  Rendered /home/vagrant/.rvm/gems/ruby-2.1.1@gdg-museum/gems/actionpack-4.0.4/lib/action_dispatch/middleware/templates/routes/_route.html.erb (1.9ms)
  Rendered /home/vagrant/.rvm/gems/ruby-2.1.1@gdg-museum/gems/actionpack-4.0.4/lib/action_dispatch/middleware/templates/routes/_table.html.erb (1.0ms)
  Rendered /home/vagrant/.rvm/gems/ruby-2.1.1@gdg-museum/gems/actionpack-4.0.4/lib/action_dispatch/middleware/templates/rescues/routing_error.erb within rescues/layout (30.6ms)


Started GET "/api/v1/beacons" for 10.0.2.2 at 2014-05-16 12:26:07 -0300

ActionController::RoutingError (uninitialized constant Api::V1):
  activesupport (4.0.4) lib/active_support/inflector/methods.rb:228:in `const_get'
  activesupport (4.0.4) lib/active_support/inflector/methods.rb:228:in `block in constantize'
  activesupport (4.0.4) lib/active_support/inflector/methods.rb:224:in `each'
  activesupport (4.0.4) lib/active_support/inflector/methods.rb:224:in `inject'
  activesupport (4.0.4) lib/active_support/inflector/methods.rb:224:in `constantize'
  actionpack (4.0.4) lib/action_dispatch/routing/route_set.rb:76:in `controller_reference'
  actionpack (4.0.4) lib/action_dispatch/routing/route_set.rb:66:in `controller'
  actionpack (4.0.4) lib/action_dispatch/routing/route_set.rb:44:in `call'
  actionpack (4.0.4) lib/action_dispatch/journey/router.rb:71:in `block in call'
  actionpack (4.0.4) lib/action_dispatch/journey/router.rb:59:in `each'
  actionpack (4.0.4) lib/action_dispatch/journey/router.rb:59:in `call'
  actionpack (4.0.4) lib/action_dispatch/routing/route_set.rb:674:in `call'
  rack (1.5.2) lib/rack/etag.rb:23:in `call'
  rack (1.5.2) lib/rack/conditionalget.rb:25:in `call'
  rack (1.5.2) lib/rack/head.rb:11:in `call'
  actionpack (4.0.4) lib/action_dispatch/middleware/params_parser.rb:27:in `call'
  actionpack (4.0.4) lib/action_dispatch/middleware/flash.rb:241:in `call'
  rack (1.5.2) lib/rack/session/abstract/id.rb:225:in `context'
  rack (1.5.2) lib/rack/session/abstract/id.rb:220:in `call'
  actionpack (4.0.4) lib/action_dispatch/middleware/cookies.rb:486:in `call'
  activerecord (4.0.4) lib/active_record/query_cache.rb:36:in `call'
  activerecord (4.0.4) lib/active_record/connection_adapters/abstract/connection_pool.rb:626:in `call'
  activerecord (4.0.4) lib/active_record/migration.rb:373:in `call'
  actionpack (4.0.4) lib/action_dispatch/middleware/callbacks.rb:29:in `block in call'
  activesupport (4.0.4) lib/active_support/callbacks.rb:373:in `_run__2093992530943906875__call__callbacks'
  activesupport (4.0.4) lib/active_support/callbacks.rb:80:in `run_callbacks'
  actionpack (4.0.4) lib/action_dispatch/middleware/callbacks.rb:27:in `call'
  actionpack (4.0.4) lib/action_dispatch/middleware/reloader.rb:64:in `call'
  actionpack (4.0.4) lib/action_dispatch/middleware/remote_ip.rb:76:in `call'
  actionpack (4.0.4) lib/action_dispatch/middleware/debug_exceptions.rb:17:in `call'
  actionpack (4.0.4) lib/action_dispatch/middleware/show_exceptions.rb:30:in `call'
  railties (4.0.4) lib/rails/rack/logger.rb:38:in `call_app'
  railties (4.0.4) lib/rails/rack/logger.rb:20:in `block in call'
  activesupport (4.0.4) lib/active_support/tagged_logging.rb:68:in `block in tagged'
  activesupport (4.0.4) lib/active_support/tagged_logging.rb:26:in `tagged'
  activesupport (4.0.4) lib/active_support/tagged_logging.rb:68:in `tagged'
  railties (4.0.4) lib/rails/rack/logger.rb:20:in `call'
  actionpack (4.0.4) lib/action_dispatch/middleware/request_id.rb:21:in `call'
  rack (1.5.2) lib/rack/methodoverride.rb:21:in `call'
  rack (1.5.2) lib/rack/runtime.rb:17:in `call'
  activesupport (4.0.4) lib/active_support/cache/strategy/local_cache.rb:83:in `call'
  rack (1.5.2) lib/rack/lock.rb:17:in `call'
  actionpack (4.0.4) lib/action_dispatch/middleware/static.rb:64:in `call'
  rack (1.5.2) lib/rack/sendfile.rb:112:in `call'
  railties (4.0.4) lib/rails/engine.rb:511:in `call'
  railties (4.0.4) lib/rails/application.rb:97:in `call'
  rack (1.5.2) lib/rack/content_length.rb:14:in `call'
  thin (1.6.2) lib/thin/connection.rb:86:in `block in pre_process'
  thin (1.6.2) lib/thin/connection.rb:84:in `catch'
  thin (1.6.2) lib/thin/connection.rb:84:in `pre_process'
  thin (1.6.2) lib/thin/connection.rb:53:in `process'
  thin (1.6.2) lib/thin/connection.rb:39:in `receive_data'
  eventmachine (1.0.3) lib/eventmachine.rb:187:in `run_machine'
  eventmachine (1.0.3) lib/eventmachine.rb:187:in `run'
  thin (1.6.2) lib/thin/backends/base.rb:73:in `start'
  thin (1.6.2) lib/thin/server.rb:162:in `start'
  rack (1.5.2) lib/rack/handler/thin.rb:16:in `run'
  rack (1.5.2) lib/rack/server.rb:264:in `start'
  railties (4.0.4) lib/rails/commands/server.rb:84:in `start'
  railties (4.0.4) lib/rails/commands.rb:76:in `block in <top (required)>'
  railties (4.0.4) lib/rails/commands.rb:71:in `tap'
  railties (4.0.4) lib/rails/commands.rb:71:in `<top (required)>'
  bin/rails:4:in `require'
  bin/rails:4:in `<main>'


  Rendered /home/vagrant/.rvm/gems/ruby-2.1.1@gdg-museum/gems/actionpack-4.0.4/lib/action_dispatch/middleware/templates/rescues/_trace.erb (2.1ms)
  Rendered /home/vagrant/.rvm/gems/ruby-2.1.1@gdg-museum/gems/actionpack-4.0.4/lib/action_dispatch/middleware/templates/routes/_route.html.erb (2.3ms)
  Rendered /home/vagrant/.rvm/gems/ruby-2.1.1@gdg-museum/gems/actionpack-4.0.4/lib/action_dispatch/middleware/templates/routes/_table.html.erb (1.5ms)
  Rendered /home/vagrant/.rvm/gems/ruby-2.1.1@gdg-museum/gems/actionpack-4.0.4/lib/action_dispatch/middleware/templates/rescues/routing_error.erb within rescues/layout (45.2ms)


Started GET "/api/v1/beacons" for 10.0.2.2 at 2014-05-16 12:26:41 -0300

ActionController::RoutingError (uninitialized constant Api::V1):
  activesupport (4.0.4) lib/active_support/inflector/methods.rb:228:in `const_get'
  activesupport (4.0.4) lib/active_support/inflector/methods.rb:228:in `block in constantize'
  activesupport (4.0.4) lib/active_support/inflector/methods.rb:224:in `each'
  activesupport (4.0.4) lib/active_support/inflector/methods.rb:224:in `inject'
  activesupport (4.0.4) lib/active_support/inflector/methods.rb:224:in `constantize'
  actionpack (4.0.4) lib/action_dispatch/routing/route_set.rb:76:in `controller_reference'
  actionpack (4.0.4) lib/action_dispatch/routing/route_set.rb:66:in `controller'
  actionpack (4.0.4) lib/action_dispatch/routing/route_set.rb:44:in `call'
  actionpack (4.0.4) lib/action_dispatch/journey/router.rb:71:in `block in call'
  actionpack (4.0.4) lib/action_dispatch/journey/router.rb:59:in `each'
  actionpack (4.0.4) lib/action_dispatch/journey/router.rb:59:in `call'
  actionpack (4.0.4) lib/action_dispatch/routing/route_set.rb:674:in `call'
  rack (1.5.2) lib/rack/etag.rb:23:in `call'
  rack (1.5.2) lib/rack/conditionalget.rb:25:in `call'
  rack (1.5.2) lib/rack/head.rb:11:in `call'
  actionpack (4.0.4) lib/action_dispatch/middleware/params_parser.rb:27:in `call'
  actionpack (4.0.4) lib/action_dispatch/middleware/flash.rb:241:in `call'
  rack (1.5.2) lib/rack/session/abstract/id.rb:225:in `context'
  rack (1.5.2) lib/rack/session/abstract/id.rb:220:in `call'
  actionpack (4.0.4) lib/action_dispatch/middleware/cookies.rb:486:in `call'
  activerecord (4.0.4) lib/active_record/query_cache.rb:36:in `call'
  activerecord (4.0.4) lib/active_record/connection_adapters/abstract/connection_pool.rb:626:in `call'
  activerecord (4.0.4) lib/active_record/migration.rb:373:in `call'
  actionpack (4.0.4) lib/action_dispatch/middleware/callbacks.rb:29:in `block in call'
  activesupport (4.0.4) lib/active_support/callbacks.rb:373:in `_run__2093992530943906875__call__callbacks'
  activesupport (4.0.4) lib/active_support/callbacks.rb:80:in `run_callbacks'
  actionpack (4.0.4) lib/action_dispatch/middleware/callbacks.rb:27:in `call'
  actionpack (4.0.4) lib/action_dispatch/middleware/reloader.rb:64:in `call'
  actionpack (4.0.4) lib/action_dispatch/middleware/remote_ip.rb:76:in `call'
  actionpack (4.0.4) lib/action_dispatch/middleware/debug_exceptions.rb:17:in `call'
  actionpack (4.0.4) lib/action_dispatch/middleware/show_exceptions.rb:30:in `call'
  railties (4.0.4) lib/rails/rack/logger.rb:38:in `call_app'
  railties (4.0.4) lib/rails/rack/logger.rb:20:in `block in call'
  activesupport (4.0.4) lib/active_support/tagged_logging.rb:68:in `block in tagged'
  activesupport (4.0.4) lib/active_support/tagged_logging.rb:26:in `tagged'
  activesupport (4.0.4) lib/active_support/tagged_logging.rb:68:in `tagged'
  railties (4.0.4) lib/rails/rack/logger.rb:20:in `call'
  actionpack (4.0.4) lib/action_dispatch/middleware/request_id.rb:21:in `call'
  rack (1.5.2) lib/rack/methodoverride.rb:21:in `call'
  rack (1.5.2) lib/rack/runtime.rb:17:in `call'
  activesupport (4.0.4) lib/active_support/cache/strategy/local_cache.rb:83:in `call'
  rack (1.5.2) lib/rack/lock.rb:17:in `call'
  actionpack (4.0.4) lib/action_dispatch/middleware/static.rb:64:in `call'
  rack (1.5.2) lib/rack/sendfile.rb:112:in `call'
  railties (4.0.4) lib/rails/engine.rb:511:in `call'
  railties (4.0.4) lib/rails/application.rb:97:in `call'
  rack (1.5.2) lib/rack/content_length.rb:14:in `call'
  thin (1.6.2) lib/thin/connection.rb:86:in `block in pre_process'
  thin (1.6.2) lib/thin/connection.rb:84:in `catch'
  thin (1.6.2) lib/thin/connection.rb:84:in `pre_process'
  thin (1.6.2) lib/thin/connection.rb:53:in `process'
  thin (1.6.2) lib/thin/connection.rb:39:in `receive_data'
  eventmachine (1.0.3) lib/eventmachine.rb:187:in `run_machine'
  eventmachine (1.0.3) lib/eventmachine.rb:187:in `run'
  thin (1.6.2) lib/thin/backends/base.rb:73:in `start'
  thin (1.6.2) lib/thin/server.rb:162:in `start'
  rack (1.5.2) lib/rack/handler/thin.rb:16:in `run'
  rack (1.5.2) lib/rack/server.rb:264:in `start'
  railties (4.0.4) lib/rails/commands/server.rb:84:in `start'
  railties (4.0.4) lib/rails/commands.rb:76:in `block in <top (required)>'
  railties (4.0.4) lib/rails/commands.rb:71:in `tap'
  railties (4.0.4) lib/rails/commands.rb:71:in `<top (required)>'
  bin/rails:4:in `require'
  bin/rails:4:in `<main>'


  Rendered /home/vagrant/.rvm/gems/ruby-2.1.1@gdg-museum/gems/actionpack-4.0.4/lib/action_dispatch/middleware/templates/rescues/_trace.erb (1.4ms)
  Rendered /home/vagrant/.rvm/gems/ruby-2.1.1@gdg-museum/gems/actionpack-4.0.4/lib/action_dispatch/middleware/templates/routes/_route.html.erb (2.2ms)
  Rendered /home/vagrant/.rvm/gems/ruby-2.1.1@gdg-museum/gems/actionpack-4.0.4/lib/action_dispatch/middleware/templates/routes/_table.html.erb (1.1ms)
  Rendered /home/vagrant/.rvm/gems/ruby-2.1.1@gdg-museum/gems/actionpack-4.0.4/lib/action_dispatch/middleware/templates/rescues/routing_error.erb within rescues/layout (33.0ms)


Started GET "/api/v1/beacons" for 10.0.2.2 at 2014-05-16 12:30:52 -0300

ActionController::RoutingError (No route matches [GET] "/api/v1/beacons"):
  actionpack (4.0.4) lib/action_dispatch/middleware/debug_exceptions.rb:21:in `call'
  actionpack (4.0.4) lib/action_dispatch/middleware/show_exceptions.rb:30:in `call'
  railties (4.0.4) lib/rails/rack/logger.rb:38:in `call_app'
  railties (4.0.4) lib/rails/rack/logger.rb:20:in `block in call'
  activesupport (4.0.4) lib/active_support/tagged_logging.rb:68:in `block in tagged'
  activesupport (4.0.4) lib/active_support/tagged_logging.rb:26:in `tagged'
  activesupport (4.0.4) lib/active_support/tagged_logging.rb:68:in `tagged'
  railties (4.0.4) lib/rails/rack/logger.rb:20:in `call'
  actionpack (4.0.4) lib/action_dispatch/middleware/request_id.rb:21:in `call'
  rack (1.5.2) lib/rack/methodoverride.rb:21:in `call'
  rack (1.5.2) lib/rack/runtime.rb:17:in `call'
  activesupport (4.0.4) lib/active_support/cache/strategy/local_cache.rb:83:in `call'
  rack (1.5.2) lib/rack/lock.rb:17:in `call'
  actionpack (4.0.4) lib/action_dispatch/middleware/static.rb:64:in `call'
  rack (1.5.2) lib/rack/sendfile.rb:112:in `call'
  railties (4.0.4) lib/rails/engine.rb:511:in `call'
  railties (4.0.4) lib/rails/application.rb:97:in `call'
  rack (1.5.2) lib/rack/content_length.rb:14:in `call'
  thin (1.6.2) lib/thin/connection.rb:86:in `block in pre_process'
  thin (1.6.2) lib/thin/connection.rb:84:in `catch'
  thin (1.6.2) lib/thin/connection.rb:84:in `pre_process'
  thin (1.6.2) lib/thin/connection.rb:53:in `process'
  thin (1.6.2) lib/thin/connection.rb:39:in `receive_data'
  eventmachine (1.0.3) lib/eventmachine.rb:187:in `run_machine'
  eventmachine (1.0.3) lib/eventmachine.rb:187:in `run'
  thin (1.6.2) lib/thin/backends/base.rb:73:in `start'
  thin (1.6.2) lib/thin/server.rb:162:in `start'
  rack (1.5.2) lib/rack/handler/thin.rb:16:in `run'
  rack (1.5.2) lib/rack/server.rb:264:in `start'
  railties (4.0.4) lib/rails/commands/server.rb:84:in `start'
  railties (4.0.4) lib/rails/commands.rb:76:in `block in <top (required)>'
  railties (4.0.4) lib/rails/commands.rb:71:in `tap'
  railties (4.0.4) lib/rails/commands.rb:71:in `<top (required)>'
  bin/rails:4:in `require'
  bin/rails:4:in `<main>'


  Rendered /home/vagrant/.rvm/gems/ruby-2.1.1@gdg-museum/gems/actionpack-4.0.4/lib/action_dispatch/middleware/templates/rescues/_trace.erb (1.0ms)
  Rendered /home/vagrant/.rvm/gems/ruby-2.1.1@gdg-museum/gems/actionpack-4.0.4/lib/action_dispatch/middleware/templates/routes/_route.html.erb (1.8ms)
  Rendered /home/vagrant/.rvm/gems/ruby-2.1.1@gdg-museum/gems/actionpack-4.0.4/lib/action_dispatch/middleware/templates/routes/_table.html.erb (1.4ms)
  Rendered /home/vagrant/.rvm/gems/ruby-2.1.1@gdg-museum/gems/actionpack-4.0.4/lib/action_dispatch/middleware/templates/rescues/routing_error.erb within rescues/layout (29.4ms)


Started GET "/api/v1/beacons" for 10.0.2.2 at 2014-05-16 12:31:34 -0300
Processing by Api::V1::BeaconsController#index as JSON
  Parameters: {"beacon"=>{}}
  [1m[35mBeacon Load (1.1ms)[0m  SELECT "beacons".* FROM "beacons"
Completed 200 OK in 50ms (Views: 20.6ms | ActiveRecord: 5.3ms)


Started GET "/api/beacons" for 10.0.2.2 at 2014-05-16 12:34:19 -0300
  [1m[36mActiveRecord::SchemaMigration Load (1.0ms)[0m  [1mSELECT "schema_migrations".* FROM "schema_migrations"[0m

ActionController::RoutingError (No route matches [GET] "/api/beacons"):
  actionpack (4.0.4) lib/action_dispatch/middleware/debug_exceptions.rb:21:in `call'
  actionpack (4.0.4) lib/action_dispatch/middleware/show_exceptions.rb:30:in `call'
  railties (4.0.4) lib/rails/rack/logger.rb:38:in `call_app'
  railties (4.0.4) lib/rails/rack/logger.rb:20:in `block in call'
  activesupport (4.0.4) lib/active_support/tagged_logging.rb:68:in `block in tagged'
  activesupport (4.0.4) lib/active_support/tagged_logging.rb:26:in `tagged'
  activesupport (4.0.4) lib/active_support/tagged_logging.rb:68:in `tagged'
  railties (4.0.4) lib/rails/rack/logger.rb:20:in `call'
  actionpack (4.0.4) lib/action_dispatch/middleware/request_id.rb:21:in `call'
  rack (1.5.2) lib/rack/methodoverride.rb:21:in `call'
  rack (1.5.2) lib/rack/runtime.rb:17:in `call'
  activesupport (4.0.4) lib/active_support/cache/strategy/local_cache.rb:83:in `call'
  rack (1.5.2) lib/rack/lock.rb:17:in `call'
  actionpack (4.0.4) lib/action_dispatch/middleware/static.rb:64:in `call'
  rack (1.5.2) lib/rack/sendfile.rb:112:in `call'
  railties (4.0.4) lib/rails/engine.rb:511:in `call'
  railties (4.0.4) lib/rails/application.rb:97:in `call'
  rack (1.5.2) lib/rack/content_length.rb:14:in `call'
  thin (1.6.2) lib/thin/connection.rb:86:in `block in pre_process'
  thin (1.6.2) lib/thin/connection.rb:84:in `catch'
  thin (1.6.2) lib/thin/connection.rb:84:in `pre_process'
  thin (1.6.2) lib/thin/connection.rb:53:in `process'
  thin (1.6.2) lib/thin/connection.rb:39:in `receive_data'
  eventmachine (1.0.3) lib/eventmachine.rb:187:in `run_machine'
  eventmachine (1.0.3) lib/eventmachine.rb:187:in `run'
  thin (1.6.2) lib/thin/backends/base.rb:73:in `start'
  thin (1.6.2) lib/thin/server.rb:162:in `start'
  rack (1.5.2) lib/rack/handler/thin.rb:16:in `run'
  rack (1.5.2) lib/rack/server.rb:264:in `start'
  railties (4.0.4) lib/rails/commands/server.rb:84:in `start'
  railties (4.0.4) lib/rails/commands.rb:76:in `block in <top (required)>'
  railties (4.0.4) lib/rails/commands.rb:71:in `tap'
  railties (4.0.4) lib/rails/commands.rb:71:in `<top (required)>'
  bin/rails:4:in `require'
  bin/rails:4:in `<main>'


  Rendered /home/vagrant/.rvm/gems/ruby-2.1.1@gdg-museum/gems/actionpack-4.0.4/lib/action_dispatch/middleware/templates/rescues/_trace.erb (1.2ms)
  Rendered /home/vagrant/.rvm/gems/ruby-2.1.1@gdg-museum/gems/actionpack-4.0.4/lib/action_dispatch/middleware/templates/routes/_route.html.erb (2.8ms)
  Rendered /home/vagrant/.rvm/gems/ruby-2.1.1@gdg-museum/gems/actionpack-4.0.4/lib/action_dispatch/middleware/templates/routes/_table.html.erb (19.5ms)
  Rendered /home/vagrant/.rvm/gems/ruby-2.1.1@gdg-museum/gems/actionpack-4.0.4/lib/action_dispatch/middleware/templates/rescues/routing_error.erb within rescues/layout (60.9ms)


Started GET "/api/beacons" for 10.0.2.2 at 2014-05-16 12:35:45 -0300

ActionController::RoutingError (No route matches [GET] "/api/beacons"):
  actionpack (4.0.4) lib/action_dispatch/middleware/debug_exceptions.rb:21:in `call'
  actionpack (4.0.4) lib/action_dispatch/middleware/show_exceptions.rb:30:in `call'
  railties (4.0.4) lib/rails/rack/logger.rb:38:in `call_app'
  railties (4.0.4) lib/rails/rack/logger.rb:20:in `block in call'
  activesupport (4.0.4) lib/active_support/tagged_logging.rb:68:in `block in tagged'
  activesupport (4.0.4) lib/active_support/tagged_logging.rb:26:in `tagged'
  activesupport (4.0.4) lib/active_support/tagged_logging.rb:68:in `tagged'
  railties (4.0.4) lib/rails/rack/logger.rb:20:in `call'
  actionpack (4.0.4) lib/action_dispatch/middleware/request_id.rb:21:in `call'
  rack (1.5.2) lib/rack/methodoverride.rb:21:in `call'
  rack (1.5.2) lib/rack/runtime.rb:17:in `call'
  activesupport (4.0.4) lib/active_support/cache/strategy/local_cache.rb:83:in `call'
  rack (1.5.2) lib/rack/lock.rb:17:in `call'
  actionpack (4.0.4) lib/action_dispatch/middleware/static.rb:64:in `call'
  rack (1.5.2) lib/rack/sendfile.rb:112:in `call'
  railties (4.0.4) lib/rails/engine.rb:511:in `call'
  railties (4.0.4) lib/rails/application.rb:97:in `call'
  rack (1.5.2) lib/rack/content_length.rb:14:in `call'
  thin (1.6.2) lib/thin/connection.rb:86:in `block in pre_process'
  thin (1.6.2) lib/thin/connection.rb:84:in `catch'
  thin (1.6.2) lib/thin/connection.rb:84:in `pre_process'
  thin (1.6.2) lib/thin/connection.rb:53:in `process'
  thin (1.6.2) lib/thin/connection.rb:39:in `receive_data'
  eventmachine (1.0.3) lib/eventmachine.rb:187:in `run_machine'
  eventmachine (1.0.3) lib/eventmachine.rb:187:in `run'
  thin (1.6.2) lib/thin/backends/base.rb:73:in `start'
  thin (1.6.2) lib/thin/server.rb:162:in `start'
  rack (1.5.2) lib/rack/handler/thin.rb:16:in `run'
  rack (1.5.2) lib/rack/server.rb:264:in `start'
  railties (4.0.4) lib/rails/commands/server.rb:84:in `start'
  railties (4.0.4) lib/rails/commands.rb:76:in `block in <top (required)>'
  railties (4.0.4) lib/rails/commands.rb:71:in `tap'
  railties (4.0.4) lib/rails/commands.rb:71:in `<top (required)>'
  bin/rails:4:in `require'
  bin/rails:4:in `<main>'


  Rendered /home/vagrant/.rvm/gems/ruby-2.1.1@gdg-museum/gems/actionpack-4.0.4/lib/action_dispatch/middleware/templates/rescues/_trace.erb (1.1ms)
  Rendered /home/vagrant/.rvm/gems/ruby-2.1.1@gdg-museum/gems/actionpack-4.0.4/lib/action_dispatch/middleware/templates/routes/_route.html.erb (2.1ms)
  Rendered /home/vagrant/.rvm/gems/ruby-2.1.1@gdg-museum/gems/actionpack-4.0.4/lib/action_dispatch/middleware/templates/routes/_table.html.erb (1.4ms)
  Rendered /home/vagrant/.rvm/gems/ruby-2.1.1@gdg-museum/gems/actionpack-4.0.4/lib/action_dispatch/middleware/templates/rescues/routing_error.erb within rescues/layout (33.4ms)


Started GET "/api/beacons" for 10.0.2.2 at 2014-05-16 12:36:43 -0300
Processing by Api::V1::BeaconsController#index as JSON
  Parameters: {"beacon"=>{}}
  [1m[35mBeacon Load (1.0ms)[0m  SELECT "beacons".* FROM "beacons"
Completed 200 OK in 52ms (Views: 21.6ms | ActiveRecord: 3.6ms)


Started GET "/api/beacons" for 10.0.2.2 at 2014-05-16 12:37:34 -0300
Processing by Api::V1::BeaconsController#index as JSON
  Parameters: {"beacon"=>{}}
  [1m[36mBeacon Load (0.9ms)[0m  [1mSELECT "beacons".* FROM "beacons"[0m
Completed 200 OK in 4ms (Views: 1.9ms | ActiveRecord: 0.9ms)


Started GET "/api/beacons/1" for 10.0.2.2 at 2014-05-16 12:37:39 -0300

AbstractController::ActionNotFound (The action 'show' could not be found for Api::V1::BeaconsController):
  actionpack (4.0.4) lib/abstract_controller/base.rb:131:in `process'
  actionpack (4.0.4) lib/abstract_controller/rendering.rb:44:in `process'
  actionpack (4.0.4) lib/action_controller/metal.rb:195:in `dispatch'
  actionpack (4.0.4) lib/action_controller/metal/rack_delegation.rb:13:in `dispatch'
  actionpack (4.0.4) lib/action_controller/metal.rb:231:in `block in action'
  actionpack (4.0.4) lib/action_dispatch/routing/route_set.rb:80:in `call'
  actionpack (4.0.4) lib/action_dispatch/routing/route_set.rb:80:in `dispatch'
  actionpack (4.0.4) lib/action_dispatch/routing/route_set.rb:48:in `call'
  actionpack (4.0.4) lib/action_dispatch/routing/mapper.rb:44:in `call'
  actionpack (4.0.4) lib/action_dispatch/journey/router.rb:71:in `block in call'
  actionpack (4.0.4) lib/action_dispatch/journey/router.rb:59:in `each'
  actionpack (4.0.4) lib/action_dispatch/journey/router.rb:59:in `call'
  actionpack (4.0.4) lib/action_dispatch/routing/route_set.rb:674:in `call'
  rack (1.5.2) lib/rack/etag.rb:23:in `call'
  rack (1.5.2) lib/rack/conditionalget.rb:25:in `call'
  rack (1.5.2) lib/rack/head.rb:11:in `call'
  actionpack (4.0.4) lib/action_dispatch/middleware/params_parser.rb:27:in `call'
  actionpack (4.0.4) lib/action_dispatch/middleware/flash.rb:241:in `call'
  rack (1.5.2) lib/rack/session/abstract/id.rb:225:in `context'
  rack (1.5.2) lib/rack/session/abstract/id.rb:220:in `call'
  actionpack (4.0.4) lib/action_dispatch/middleware/cookies.rb:486:in `call'
  activerecord (4.0.4) lib/active_record/query_cache.rb:36:in `call'
  activerecord (4.0.4) lib/active_record/connection_adapters/abstract/connection_pool.rb:626:in `call'
  activerecord (4.0.4) lib/active_record/migration.rb:373:in `call'
  actionpack (4.0.4) lib/action_dispatch/middleware/callbacks.rb:29:in `block in call'
  activesupport (4.0.4) lib/active_support/callbacks.rb:373:in `_run__3135689214026684931__call__callbacks'
  activesupport (4.0.4) lib/active_support/callbacks.rb:80:in `run_callbacks'
  actionpack (4.0.4) lib/action_dispatch/middleware/callbacks.rb:27:in `call'
  actionpack (4.0.4) lib/action_dispatch/middleware/reloader.rb:64:in `call'
  actionpack (4.0.4) lib/action_dispatch/middleware/remote_ip.rb:76:in `call'
  actionpack (4.0.4) lib/action_dispatch/middleware/debug_exceptions.rb:17:in `call'
  actionpack (4.0.4) lib/action_dispatch/middleware/show_exceptions.rb:30:in `call'
  railties (4.0.4) lib/rails/rack/logger.rb:38:in `call_app'
  railties (4.0.4) lib/rails/rack/logger.rb:20:in `block in call'
  activesupport (4.0.4) lib/active_support/tagged_logging.rb:68:in `block in tagged'
  activesupport (4.0.4) lib/active_support/tagged_logging.rb:26:in `tagged'
  activesupport (4.0.4) lib/active_support/tagged_logging.rb:68:in `tagged'
  railties (4.0.4) lib/rails/rack/logger.rb:20:in `call'
  actionpack (4.0.4) lib/action_dispatch/middleware/request_id.rb:21:in `call'
  rack (1.5.2) lib/rack/methodoverride.rb:21:in `call'
  rack (1.5.2) lib/rack/runtime.rb:17:in `call'
  activesupport (4.0.4) lib/active_support/cache/strategy/local_cache.rb:83:in `call'
  rack (1.5.2) lib/rack/lock.rb:17:in `call'
  actionpack (4.0.4) lib/action_dispatch/middleware/static.rb:64:in `call'
  rack (1.5.2) lib/rack/sendfile.rb:112:in `call'
  railties (4.0.4) lib/rails/engine.rb:511:in `call'
  railties (4.0.4) lib/rails/application.rb:97:in `call'
  rack (1.5.2) lib/rack/content_length.rb:14:in `call'
  thin (1.6.2) lib/thin/connection.rb:86:in `block in pre_process'
  thin (1.6.2) lib/thin/connection.rb:84:in `catch'
  thin (1.6.2) lib/thin/connection.rb:84:in `pre_process'
  thin (1.6.2) lib/thin/connection.rb:53:in `process'
  thin (1.6.2) lib/thin/connection.rb:39:in `receive_data'
  eventmachine (1.0.3) lib/eventmachine.rb:187:in `run_machine'
  eventmachine (1.0.3) lib/eventmachine.rb:187:in `run'
  thin (1.6.2) lib/thin/backends/base.rb:73:in `start'
  thin (1.6.2) lib/thin/server.rb:162:in `start'
  rack (1.5.2) lib/rack/handler/thin.rb:16:in `run'
  rack (1.5.2) lib/rack/server.rb:264:in `start'
  railties (4.0.4) lib/rails/commands/server.rb:84:in `start'
  railties (4.0.4) lib/rails/commands.rb:76:in `block in <top (required)>'
  railties (4.0.4) lib/rails/commands.rb:71:in `tap'
  railties (4.0.4) lib/rails/commands.rb:71:in `<top (required)>'
  bin/rails:4:in `require'
  bin/rails:4:in `<main>'


  Rendered /home/vagrant/.rvm/gems/ruby-2.1.1@gdg-museum/gems/actionpack-4.0.4/lib/action_dispatch/middleware/templates/rescues/unknown_action.erb within rescues/layout (0.5ms)


Started GET "/api/beacons/1" for 10.0.2.2 at 2014-05-16 12:38:16 -0300
Processing by Api::V1::BeaconsController#show as JSON
  Parameters: {"id"=>"1", "beacon"=>{}}
  [1m[35mBeacon Load (1.8ms)[0m  SELECT "beacons".* FROM "beacons" WHERE "beacons"."id" = $1 LIMIT 1  [["id", "1"]]
Completed 200 OK in 19ms (Views: 9.7ms | ActiveRecord: 5.0ms)


Started GET "/beacons/1/edit" for 10.0.2.2 at 2014-05-16 12:38:55 -0300
Processing by BeaconsController#edit as HTML
  Parameters: {"id"=>"1"}
  [1m[36mBeacon Load (0.7ms)[0m  [1mSELECT "beacons".* FROM "beacons" WHERE "beacons"."id" = $1 LIMIT 1[0m  [["id", "1"]]
  Rendered beacons/_form.html.erb (35.6ms)
  Rendered beacons/edit.html.erb within layouts/application (63.5ms)
Completed 200 OK in 321ms (Views: 317.4ms | ActiveRecord: 0.7ms)
  [1m[36mActiveRecord::SchemaMigration Load (1.0ms)[0m  [1mSELECT "schema_migrations".* FROM "schema_migrations"[0m
  [1m[35mActiveRecord::SchemaMigration Load (0.8ms)[0m  SELECT "schema_migrations".* FROM "schema_migrations"
Migrating to CreateBeacons (20140516143927)
  [1m[36m (0.6ms)[0m  [1mBEGIN[0m
  [1m[35m (14.0ms)[0m  DROP TABLE "beacons"
  [1m[36mSQL (2.5ms)[0m  [1mDELETE FROM "schema_migrations" WHERE "schema_migrations"."version" = '20140516143927'[0m
  [1m[35m (2.0ms)[0m  COMMIT
  [1m[36mActiveRecord::SchemaMigration Load (0.8ms)[0m  [1mSELECT "schema_migrations".* FROM "schema_migrations" ORDER BY version[0m
  [1m[36mActiveRecord::SchemaMigration Load (1.1ms)[0m  [1mSELECT "schema_migrations".* FROM "schema_migrations"[0m
Migrating to EnableUuidOsspExtension (20140516135208)
  [1m[35m (0.5ms)[0m  BEGIN
  [1m[36mSQL (29.2ms)[0m  [1mCREATE EXTENSION IF NOT EXISTS "uuid-ossp"[0m
  [1m[35mSQL (2.6ms)[0m  INSERT INTO "schema_migrations" ("version") VALUES ($1)  [["version", "20140516135208"]]
  [1m[36m (1.0ms)[0m  [1mCOMMIT[0m
Migrating to CreateBeacons (20140516143927)
  [1m[35m (0.6ms)[0m  BEGIN
  [1m[36m (6.9ms)[0m  [1mCREATE TABLE "beacons" ("id" serial primary key, "uuid" uuid, "major" integer, "minor" integer, "created_at" timestamp, "updated_at" timestamp) [0m
  [1m[35mSQL (0.6ms)[0m  INSERT INTO "schema_migrations" ("version") VALUES ($1)  [["version", "20140516143927"]]
  [1m[36m (1.5ms)[0m  [1mCOMMIT[0m
  [1m[35mActiveRecord::SchemaMigration Load (1.4ms)[0m  SELECT "schema_migrations".* FROM "schema_migrations" ORDER BY version
  [1m[36mActiveRecord::SchemaMigration Load (0.9ms)[0m  [1mSELECT "schema_migrations".* FROM "schema_migrations"[0m
  [1m[35mActiveRecord::SchemaMigration Load (0.7ms)[0m  SELECT "schema_migrations".* FROM "schema_migrations"
Migrating to CreateBeacons (20140516143927)
  [1m[36m (0.6ms)[0m  [1mBEGIN[0m
  [1m[35m (1.7ms)[0m  DROP TABLE "beacons"
  [1m[36mSQL (1.0ms)[0m  [1mDELETE FROM "schema_migrations" WHERE "schema_migrations"."version" = '20140516143927'[0m
  [1m[35m (1.7ms)[0m  COMMIT
  [1m[36mActiveRecord::SchemaMigration Load (1.7ms)[0m  [1mSELECT "schema_migrations".* FROM "schema_migrations" ORDER BY version[0m
  [1m[36mActiveRecord::SchemaMigration Load (0.9ms)[0m  [1mSELECT "schema_migrations".* FROM "schema_migrations"[0m
  [1m[35mActiveRecord::SchemaMigration Load (0.8ms)[0m  SELECT "schema_migrations".* FROM "schema_migrations"
Migrating to EnableUuidOsspExtension (20140516135208)
  [1m[36m (0.5ms)[0m  [1mBEGIN[0m
  [1m[35mSQL (0.7ms)[0m  CREATE EXTENSION IF NOT EXISTS "uuid-ossp"
  [1m[36mSQL (1.0ms)[0m  [1mDELETE FROM "schema_migrations" WHERE "schema_migrations"."version" = '20140516135208'[0m
  [1m[35m (0.9ms)[0m  COMMIT
  [1m[36mActiveRecord::SchemaMigration Load (1.0ms)[0m  [1mSELECT "schema_migrations".* FROM "schema_migrations" ORDER BY version[0m
  [1m[36mActiveRecord::SchemaMigration Load (0.8ms)[0m  [1mSELECT "schema_migrations".* FROM "schema_migrations"[0m
Migrating to CreateBeacons (20140516143927)
  [1m[35m (0.7ms)[0m  BEGIN
  [1m[36m (3.7ms)[0m  [1mCREATE TABLE "beacons" ("id" serial primary key, "uuid" character varying(255), "major" integer, "minor" integer, "created_at" timestamp, "updated_at" timestamp) [0m
  [1m[35mSQL (2.7ms)[0m  INSERT INTO "schema_migrations" ("version") VALUES ($1)  [["version", "20140516143927"]]
  [1m[36m (1.6ms)[0m  [1mCOMMIT[0m
  [1m[35mActiveRecord::SchemaMigration Load (1.3ms)[0m  SELECT "schema_migrations".* FROM "schema_migrations" ORDER BY version


Started GET "/beacons" for 10.0.2.2 at 2014-05-16 13:03:06 -0300
  [1m[36mActiveRecord::SchemaMigration Load (0.8ms)[0m  [1mSELECT "schema_migrations".* FROM "schema_migrations"[0m
Processing by BeaconsController#index as HTML
  [1m[35mBeacon Load (1.1ms)[0m  SELECT "beacons".* FROM "beacons"
  Rendered beacons/index.html.erb within layouts/application (8.8ms)
Completed 200 OK in 325ms (Views: 279.7ms | ActiveRecord: 1.1ms)


Started GET "/beacons" for 10.0.2.2 at 2014-05-16 13:03:09 -0300
Processing by BeaconsController#index as HTML
  [1m[36mBeacon Load (0.8ms)[0m  [1mSELECT "beacons".* FROM "beacons"[0m
  Rendered beacons/index.html.erb within layouts/application (2.9ms)
Completed 200 OK in 98ms (Views: 96.3ms | ActiveRecord: 0.8ms)


Started GET "/assets/application.css?body=1" for 10.0.2.2 at 2014-05-16 13:03:09 -0300


Started GET "/assets/beacons.css?body=1" for 10.0.2.2 at 2014-05-16 13:03:09 -0300


Started GET "/assets/scaffolds.css?body=1" for 10.0.2.2 at 2014-05-16 13:03:09 -0300


Started GET "/assets/jquery.js?body=1" for 10.0.2.2 at 2014-05-16 13:03:09 -0300


Started GET "/assets/jquery_ujs.js?body=1" for 10.0.2.2 at 2014-05-16 13:03:09 -0300


Started GET "/assets/turbolinks.js?body=1" for 10.0.2.2 at 2014-05-16 13:03:09 -0300


Started GET "/assets/beacons.js?body=1" for 10.0.2.2 at 2014-05-16 13:03:09 -0300


Started GET "/assets/application.js?body=1" for 10.0.2.2 at 2014-05-16 13:03:09 -0300


Started GET "/beacons/new" for 10.0.2.2 at 2014-05-16 13:03:10 -0300
Processing by BeaconsController#new as HTML
  Rendered beacons/_form.html.erb (64.4ms)
  Rendered beacons/new.html.erb within layouts/application (99.1ms)
Completed 200 OK in 202ms (Views: 196.3ms | ActiveRecord: 3.2ms)


Started POST "/beacons" for 10.0.2.2 at 2014-05-16 13:03:15 -0300
Processing by BeaconsController#create as HTML
  Parameters: {"utf8"=>"✓", "authenticity_token"=>"TccPsgDG6TfeB8bPty53KD/6o0tsrUKSIFoO3qLB40M=", "beacon"=>{"uuid"=>"B9407F30-F5F8-466E-AFF9-25556B57FE6D", "major"=>"1", "minor"=>"1"}, "commit"=>"Criar Beacon"}
  [1m[35m (0.6ms)[0m  BEGIN
  [1m[36mSQL (18.8ms)[0m  [1mINSERT INTO "beacons" ("created_at", "major", "minor", "updated_at", "uuid") VALUES ($1, $2, $3, $4, $5) RETURNING "id"[0m  [["created_at", Fri, 16 May 2014 13:03:16 BRT -03:00], ["major", 1], ["minor", 1], ["updated_at", Fri, 16 May 2014 13:03:16 BRT -03:00], ["uuid", "B9407F30-F5F8-466E-AFF9-25556B57FE6D"]]
  [1m[35m (1.1ms)[0m  COMMIT
Redirected to http://127.0.0.1:3000/beacons/1
Completed 302 Found in 29ms (ActiveRecord: 21.2ms)


Started GET "/beacons/1" for 10.0.2.2 at 2014-05-16 13:03:16 -0300
Processing by BeaconsController#show as HTML
  Parameters: {"id"=>"1"}
  [1m[36mBeacon Load (1.6ms)[0m  [1mSELECT "beacons".* FROM "beacons" WHERE "beacons"."id" = $1 LIMIT 1[0m  [["id", "1"]]
  Rendered beacons/show.html.erb within layouts/application (1.0ms)
Completed 200 OK in 101ms (Views: 96.4ms | ActiveRecord: 1.6ms)


Started GET "/assets/application.css?body=1" for 10.0.2.2 at 2014-05-16 13:03:16 -0300


Started GET "/assets/beacons.css?body=1" for 10.0.2.2 at 2014-05-16 13:03:16 -0300


Started GET "/assets/scaffolds.css?body=1" for 10.0.2.2 at 2014-05-16 13:03:16 -0300


Started GET "/assets/jquery.js?body=1" for 10.0.2.2 at 2014-05-16 13:03:16 -0300


Started GET "/assets/jquery_ujs.js?body=1" for 10.0.2.2 at 2014-05-16 13:03:16 -0300


Started GET "/assets/turbolinks.js?body=1" for 10.0.2.2 at 2014-05-16 13:03:16 -0300


Started GET "/assets/beacons.js?body=1" for 10.0.2.2 at 2014-05-16 13:03:16 -0300


Started GET "/assets/application.js?body=1" for 10.0.2.2 at 2014-05-16 13:03:16 -0300


Started GET "/beacons" for 10.0.2.2 at 2014-05-16 13:03:20 -0300
Processing by BeaconsController#index as HTML
  [1m[35mBeacon Load (0.8ms)[0m  SELECT "beacons".* FROM "beacons"
  Rendered beacons/index.html.erb within layouts/application (2.8ms)
Completed 200 OK in 100ms (Views: 98.3ms | ActiveRecord: 0.8ms)
